CC15 sieve: wheel=14552571002970 residues=28664064 efficiency=507693
[1/822] 1,000,000,000,000,000,000-1,010,000,000,000,000,000 | 30.9s | found=0 total=0 | elapsed=31.0s ETA=424min 0.0%
[2/822] 1,010,000,000,000,000,000-1,020,000,000,000,000,000 | 15.3s | found=0 total=0 | elapsed=46.0s ETA=314min 0.1%
[3/822] 1,020,000,000,000,000,000-1,030,000,000,000,000,000 | 15.3s | found=0 total=0 | elapsed=62.0s ETA=282min 0.2%
[4/822] 1,030,000,000,000,000,000-1,040,000,000,000,000,000 | 15.3s | found=0 total=0 | elapsed=77.0s ETA=262min 0.4%
[5/822] 1,040,000,000,000,000,000-1,050,000,000,000,000,000 | 15.4s | found=0 total=0 | elapsed=92.0s ETA=251min 0.5%
[6/822] 1,050,000,000,000,000,000-1,060,000,000,000,000,000 | 15.3s | found=0 total=0 | elapsed=108.0s ETA=245min 0.6%
[7/822] 1,060,000,000,000,000,000-1,070,000,000,000,000,000 | 15.4s | found=0 total=0 | elapsed=123.0s ETA=239min 0.7%
[8/822] 1,070,000,000,000,000,000-1,080,000,000,000,000,000 | 15.4s | found=0 total=0 | elapsed=138.0s ETA=234min 0.9%
[9/822] 1,080,000,000,000,000,000-1,090,000,000,000,000,000 | 15.4s | found=0 total=0 | elapsed=154.0s ETA=232min 1.0%
[10/822] 1,090,000,000,000,000,000-1,100,000,000,000,000,000 | 15.4s | found=0 total=0 | elapsed=169.0s ETA=229min 1.1%
[11/822] 1,100,000,000,000,000,000-1,110,000,000,000,000,000 | 15.4s | found=0 total=0 | elapsed=185.0s ETA=227min -1.0%
[12/822] 1,110,000,000,000,000,000-1,120,000,000,000,000,000 | 15.4s | found=0 total=0 | elapsed=200.0s ETA=225min -0.9%
[13/822] 1,120,000,000,000,000,000-1,130,000,000,000,000,000 | 15.4s | found=0 total=0 | elapsed=215.0s ETA=223min -0.8%
[14/822] 1,130,000,000,000,000,000-1,140,000,000,000,000,000 | 15.4s | found=0 total=0 | elapsed=231.0s ETA=222min -0.7%
[15/822] 1,140,000,000,000,000,000-1,150,000,000,000,000,000 | 15.4s | found=0 total=0 | elapsed=246.0s ETA=221min -0.5%
[16/822] 1,150,000,000,000,000,000-1,160,000,000,000,000,000 | 15.8s | found=0 total=0 | elapsed=262.0s ETA=220min -0.4%
[17/822] 1,160,000,000,000,000,000-1,170,000,000,000,000,000 | 15.4s | found=0 total=0 | elapsed=277.0s ETA=219min -0.3%
[18/822] 1,170,000,000,000,000,000-1,180,000,000,000,000,000 | 15.7s | found=0 total=0 | elapsed=293.0s ETA=218min -0.2%
[19/822] 1,180,000,000,000,000,000-1,190,000,000,000,000,000 | 15.7s | found=0 total=0 | elapsed=309.0s ETA=218min -0.1%
[20/822] 1,190,000,000,000,000,000-1,200,000,000,000,000,000 | 15.8s | found=0 total=0 | elapsed=325.0s ETA=217min 0.1%
[21/822] 1,200,000,000,000,000,000-1,210,000,000,000,000,000 | 15.5s | found=0 total=0 | elapsed=340.0s ETA=216min 0.2%
[22/822] 1,210,000,000,000,000,000-1,220,000,000,000,000,000 | 15.3s | found=0 total=0 | elapsed=355.0s ETA=215min 0.3%
[23/822] 1,220,000,000,000,000,000-1,230,000,000,000,000,000 | 15.5s | found=0 total=0 | elapsed=371.0s ETA=215min 0.4%
[24/822] 1,230,000,000,000,000,000-1,240,000,000,000,000,000 | 15.5s | found=0 total=0 | elapsed=386.0s ETA=214min 0.6%
[25/822] 1,240,000,000,000,000,000-1,250,000,000,000,000,000 | 15.3s | found=0 total=0 | elapsed=402.0s ETA=214min 0.7%
[26/822] 1,250,000,000,000,000,000-1,260,000,000,000,000,000 | 15.3s | found=0 total=0 | elapsed=417.0s ETA=213min 0.8%
[27/822] 1,260,000,000,000,000,000-1,270,000,000,000,000,000 | 15.4s | found=0 total=0 | elapsed=432.0s ETA=212min 0.9%
[28/822] 1,270,000,000,000,000,000-1,280,000,000,000,000,000 | 15.3s | found=0 total=0 | elapsed=448.0s ETA=212min 1.0%
[29/822] 1,280,000,000,000,000,000-1,290,000,000,000,000,000 | 15.3s | found=0 total=0 | elapsed=463.0s ETA=211min -1.1%
[30/822] 1,290,000,000,000,000,000-1,300,000,000,000,000,000 | 15.3s | found=0 total=0 | elapsed=478.0s ETA=210min -1.0%
[31/822] 1,300,000,000,000,000,000-1,310,000,000,000,000,000 | 15.3s | found=0 total=0 | elapsed=494.0s ETA=210min -0.8%
[32/822] 1,310,000,000,000,000,000-1,320,000,000,000,000,000 | 15.3s | found=0 total=0 | elapsed=509.0s ETA=209min -0.7%
[33/822] 1,320,000,000,000,000,000-1,330,000,000,000,000,000 | 15.3s | found=0 total=0 | elapsed=524.0s ETA=209min -0.6%
[34/822] 1,330,000,000,000,000,000-1,340,000,000,000,000,000 | 15.3s | found=0 total=0 | elapsed=540.0s ETA=209min -0.5%
[35/822] 1,340,000,000,000,000,000-1,350,000,000,000,000,000 | 15.5s | found=0 total=0 | elapsed=555.0s ETA=208min -0.4%
[36/822] 1,350,000,000,000,000,000-1,360,000,000,000,000,000 | 15.5s | found=0 total=0 | elapsed=571.0s ETA=208min -0.2%
[37/822] 1,360,000,000,000,000,000-1,370,000,000,000,000,000 | 15.5s | found=0 total=0 | elapsed=586.0s ETA=207min -0.1%
[38/822] 1,370,000,000,000,000,000-1,380,000,000,000,000,000 | 15.5s | found=0 total=0 | elapsed=602.0s ETA=207min 0.0%
[39/822] 1,380,000,000,000,000,000-1,390,000,000,000,000,000 | 15.4s | found=0 total=0 | elapsed=617.0s ETA=206min 0.1%
[40/822] 1,390,000,000,000,000,000-1,400,000,000,000,000,000 | 15.3s | found=0 total=0 | elapsed=632.0s ETA=206min 0.3%
[41/822] 1,400,000,000,000,000,000-1,410,000,000,000,000,000 | 15.3s | found=0 total=0 | elapsed=648.0s ETA=206min 0.4%
[42/822] 1,410,000,000,000,000,000-1,420,000,000,000,000,000 | 15.4s | found=0 total=0 | elapsed=663.0s ETA=205min 0.5%
[43/822] 1,420,000,000,000,000,000-1,430,000,000,000,000,000 | 15.6s | found=0 total=0 | elapsed=679.0s ETA=205min 0.6%
[44/822] 1,430,000,000,000,000,000-1,440,000,000,000,000,000 | 15.5s | found=0 total=0 | elapsed=694.0s ETA=205min 0.7%
[45/822] 1,440,000,000,000,000,000-1,450,000,000,000,000,000 | 15.4s | found=0 total=0 | elapsed=709.0s ETA=204min 0.9%
[46/822] 1,450,000,000,000,000,000-1,460,000,000,000,000,000 | 15.4s | found=0 total=0 | elapsed=725.0s ETA=204min 1.0%
[47/822] 1,460,000,000,000,000,000-1,470,000,000,000,000,000 | 15.5s | found=0 total=0 | elapsed=740.0s ETA=203min 1.1%
[48/822] 1,470,000,000,000,000,000-1,480,000,000,000,000,000 | 15.6s | found=0 total=0 | elapsed=756.0s ETA=203min -1.0%
[49/822] 1,480,000,000,000,000,000-1,490,000,000,000,000,000 | 15.5s | found=0 total=0 | elapsed=772.0s ETA=203min -0.9%
[50/822] 1,490,000,000,000,000,000-1,500,000,000,000,000,000 | 15.6s | found=0 total=0 | elapsed=787.0s ETA=203min -0.8%
[51/822] 1,500,000,000,000,000,000-1,510,000,000,000,000,000 | 15.6s | found=0 total=0 | elapsed=803.0s ETA=202min -0.6%
[52/822] 1,510,000,000,000,000,000-1,520,000,000,000,000,000 | 15.5s | found=0 total=0 | elapsed=818.0s ETA=202min -0.5%
[53/822] 1,520,000,000,000,000,000-1,530,000,000,000,000,000 | 15.8s | found=0 total=0 | elapsed=834.0s ETA=202min -0.4%
[54/822] 1,530,000,000,000,000,000-1,540,000,000,000,000,000 | 15.6s | found=0 total=0 | elapsed=850.0s ETA=201min -0.3%
[55/822] 1,540,000,000,000,000,000-1,550,000,000,000,000,000 | 15.6s | found=0 total=0 | elapsed=865.0s ETA=201min -0.2%
[56/822] 1,550,000,000,000,000,000-1,560,000,000,000,000,000 | 15.6s | found=0 total=0 | elapsed=881.0s ETA=201min -0.0%
[57/822] 1,560,000,000,000,000,000-1,570,000,000,000,000,000 | 15.7s | found=0 total=0 | elapsed=897.0s ETA=201min 0.1%
[58/822] 1,570,000,000,000,000,000-1,580,000,000,000,000,000 | 15.8s | found=0 total=0 | elapsed=913.0s ETA=200min 0.2%
[59/822] 1,580,000,000,000,000,000-1,590,000,000,000,000,000 | 15.6s | found=0 total=0 | elapsed=928.0s ETA=200min 0.3%
[60/822] 1,590,000,000,000,000,000-1,600,000,000,000,000,000 | 15.6s | found=0 total=0 | elapsed=944.0s ETA=200min 0.4%
[61/822] 1,600,000,000,000,000,000-1,610,000,000,000,000,000 | 15.8s | found=0 total=0 | elapsed=960.0s ETA=200min 0.6%
[62/822] 1,610,000,000,000,000,000-1,620,000,000,000,000,000 | 15.7s | found=0 total=0 | elapsed=975.0s ETA=199min 0.7%
[63/822] 1,620,000,000,000,000,000-1,630,000,000,000,000,000 | 15.6s | found=0 total=0 | elapsed=991.0s ETA=199min 0.8%
[64/822] 1,630,000,000,000,000,000-1,640,000,000,000,000,000 | 15.6s | found=0 total=0 | elapsed=1006.0s ETA=199min 0.9%
[65/822] 1,640,000,000,000,000,000-1,650,000,000,000,000,000 | 15.6s | found=0 total=0 | elapsed=1022.0s ETA=198min 1.1%
[66/822] 1,650,000,000,000,000,000-1,660,000,000,000,000,000 | 15.6s | found=0 total=0 | elapsed=1038.0s ETA=198min -1.1%
[67/822] 1,660,000,000,000,000,000-1,670,000,000,000,000,000 | 15.7s | found=0 total=0 | elapsed=1054.0s ETA=198min -0.9%
[68/822] 1,670,000,000,000,000,000-1,680,000,000,000,000,000 | 15.6s | found=0 total=0 | elapsed=1069.0s ETA=198min -0.8%
[69/822] 1,680,000,000,000,000,000-1,690,000,000,000,000,000 | 15.5s | found=0 total=0 | elapsed=1085.0s ETA=197min -0.7%
[70/822] 1,690,000,000,000,000,000-1,700,000,000,000,000,000 | 15.7s | found=0 total=0 | elapsed=1100.0s ETA=197min -0.6%
[71/822] 1,700,000,000,000,000,000-1,710,000,000,000,000,000 | 15.6s | found=0 total=0 | elapsed=1116.0s ETA=197min -0.5%
[72/822] 1,710,000,000,000,000,000-1,720,000,000,000,000,000 | 15.6s | found=0 total=0 | elapsed=1132.0s ETA=197min -0.3%
[73/822] 1,720,000,000,000,000,000-1,730,000,000,000,000,000 | 15.5s | found=0 total=0 | elapsed=1147.0s ETA=196min -0.2%
[74/822] 1,730,000,000,000,000,000-1,740,000,000,000,000,000 | 15.9s | found=0 total=0 | elapsed=1163.0s ETA=196min -0.1%
[75/822] 1,740,000,000,000,000,000-1,750,000,000,000,000,000 | 15.9s | found=0 total=0 | elapsed=1179.0s ETA=196min 0.0%
[76/822] 1,750,000,000,000,000,000-1,760,000,000,000,000,000 | 15.9s | found=0 total=0 | elapsed=1195.0s ETA=195min 0.1%
[77/822] 1,760,000,000,000,000,000-1,770,000,000,000,000,000 | 15.9s | found=0 total=0 | elapsed=1211.0s ETA=195min 0.3%
[78/822] 1,770,000,000,000,000,000-1,780,000,000,000,000,000 | 15.9s | found=0 total=0 | elapsed=1227.0s ETA=195min 0.4%
[79/822] 1,780,000,000,000,000,000-1,790,000,000,000,000,000 | 16.0s | found=0 total=0 | elapsed=1243.0s ETA=195min 0.5%
[80/822] 1,790,000,000,000,000,000-1,800,000,000,000,000,000 | 15.9s | found=0 total=0 | elapsed=1259.0s ETA=195min 0.6%
[81/822] 1,800,000,000,000,000,000-1,810,000,000,000,000,000 | 15.8s | found=0 total=0 | elapsed=1274.0s ETA=194min 0.8%
[82/822] 1,810,000,000,000,000,000-1,820,000,000,000,000,000 | 15.5s | found=0 total=0 | elapsed=1290.0s ETA=194min 0.9%
[83/822] 1,820,000,000,000,000,000-1,830,000,000,000,000,000 | 15.5s | found=0 total=0 | elapsed=1305.0s ETA=194min 1.0%
[84/822] 1,830,000,000,000,000,000-1,840,000,000,000,000,000 | 15.7s | found=0 total=0 | elapsed=1321.0s ETA=193min 1.1%
[85/822] 1,840,000,000,000,000,000-1,850,000,000,000,000,000 | 15.7s | found=0 total=0 | elapsed=1337.0s ETA=193min -1.0%
[86/822] 1,850,000,000,000,000,000-1,860,000,000,000,000,000 | 15.6s | found=0 total=0 | elapsed=1352.0s ETA=193min -0.9%
[87/822] 1,860,000,000,000,000,000-1,870,000,000,000,000,000 | 15.6s | found=0 total=0 | elapsed=1368.0s ETA=193min -0.8%
[88/822] 1,870,000,000,000,000,000-1,880,000,000,000,000,000 | 15.8s | found=0 total=0 | elapsed=1384.0s ETA=192min -0.6%
[89/822] 1,880,000,000,000,000,000-1,890,000,000,000,000,000 | 15.9s | found=0 total=0 | elapsed=1400.0s ETA=192min -0.5%
[90/822] 1,890,000,000,000,000,000-1,900,000,000,000,000,000 | 15.7s | found=0 total=0 | elapsed=1415.0s ETA=192min -0.4%
[91/822] 1,900,000,000,000,000,000-1,910,000,000,000,000,000 | 15.6s | found=0 total=0 | elapsed=1431.0s ETA=192min -0.3%
[92/822] 1,910,000,000,000,000,000-1,920,000,000,000,000,000 | 15.7s | found=0 total=0 | elapsed=1447.0s ETA=191min -0.2%
[93/822] 1,920,000,000,000,000,000-1,930,000,000,000,000,000 | 15.6s | found=0 total=0 | elapsed=1462.0s ETA=191min -0.0%
[94/822] 1,930,000,000,000,000,000-1,940,000,000,000,000,000 | 15.5s | found=0 total=0 | elapsed=1478.0s ETA=191min 0.1%
[95/822] 1,940,000,000,000,000,000-1,950,000,000,000,000,000 | 15.4s | found=0 total=0 | elapsed=1493.0s ETA=190min 0.2%
[96/822] 1,950,000,000,000,000,000-1,960,000,000,000,000,000 | 15.5s | found=0 total=0 | elapsed=1509.0s ETA=190min 0.3%
[97/822] 1,960,000,000,000,000,000-1,970,000,000,000,000,000 | 15.4s | found=0 total=0 | elapsed=1524.0s ETA=190min 0.5%
[98/822] 1,970,000,000,000,000,000-1,980,000,000,000,000,000 | 15.5s | found=0 total=0 | elapsed=1540.0s ETA=190min 0.6%
[99/822] 1,980,000,000,000,000,000-1,990,000,000,000,000,000 | 15.6s | found=0 total=0 | elapsed=1555.0s ETA=189min 0.7%
[100/822] 1,990,000,000,000,000,000-2,000,000,000,000,000,000 | 15.6s | found=0 total=0 | elapsed=1571.0s ETA=189min 0.8%
[101/822] 2,000,000,000,000,000,000-2,010,000,000,000,000,000 | 15.6s | found=0 total=0 | elapsed=1586.0s ETA=189min 0.9%
[102/822] 2,010,000,000,000,000,000-2,020,000,000,000,000,000 | 15.7s | found=0 total=0 | elapsed=1602.0s ETA=188min 1.1%
[103/822] 2,020,000,000,000,000,000-2,030,000,000,000,000,000 | 15.7s | found=0 total=0 | elapsed=1618.0s ETA=188min -1.1%
[104/822] 2,030,000,000,000,000,000-2,040,000,000,000,000,000 | 15.7s | found=0 total=0 | elapsed=1634.0s ETA=188min -0.9%
[105/822] 2,040,000,000,000,000,000-2,050,000,000,000,000,000 | 15.7s | found=0 total=0 | elapsed=1649.0s ETA=188min -0.8%
[106/822] 2,050,000,000,000,000,000-2,060,000,000,000,000,000 | 15.8s | found=0 total=0 | elapsed=1665.0s ETA=187min -0.7%
[107/822] 2,060,000,000,000,000,000-2,070,000,000,000,000,000 | 15.7s | found=0 total=0 | elapsed=1681.0s ETA=187min -0.6%
[108/822] 2,070,000,000,000,000,000-2,080,000,000,000,000,000 | 15.5s | found=0 total=0 | elapsed=1696.0s ETA=187min -0.4%
[109/822] 2,080,000,000,000,000,000-2,090,000,000,000,000,000 | 15.4s | found=0 total=0 | elapsed=1712.0s ETA=187min -0.3%
[110/822] 2,090,000,000,000,000,000-2,100,000,000,000,000,000 | 15.5s | found=0 total=0 | elapsed=1727.0s ETA=186min -0.2%
[111/822] 2,100,000,000,000,000,000-2,110,000,000,000,000,000 | 15.7s | found=0 total=0 | elapsed=1743.0s ETA=186min -0.1%
[112/822] 2,110,000,000,000,000,000-2,120,000,000,000,000,000 | 15.8s | found=0 total=0 | elapsed=1759.0s ETA=186min 0.0%
[113/822] 2,120,000,000,000,000,000-2,130,000,000,000,000,000 | 15.8s | found=0 total=0 | elapsed=1774.0s ETA=186min 0.2%
[114/822] 2,130,000,000,000,000,000-2,140,000,000,000,000,000 | 15.7s | found=0 total=0 | elapsed=1790.0s ETA=185min 0.3%
[115/822] 2,140,000,000,000,000,000-2,150,000,000,000,000,000 | 15.5s | found=0 total=0 | elapsed=1806.0s ETA=185min 0.4%
[116/822] 2,150,000,000,000,000,000-2,160,000,000,000,000,000 | 15.4s | found=0 total=0 | elapsed=1821.0s ETA=185min 0.5%
[117/822] 2,160,000,000,000,000,000-2,170,000,000,000,000,000 | 15.6s | found=0 total=0 | elapsed=1837.0s ETA=184min 0.6%
[118/822] 2,170,000,000,000,000,000-2,180,000,000,000,000,000 | 15.5s | found=0 total=0 | elapsed=1852.0s ETA=184min 0.8%
[119/822] 2,180,000,000,000,000,000-2,190,000,000,000,000,000 | 15.5s | found=0 total=0 | elapsed=1868.0s ETA=184min 0.9%
[120/822] 2,190,000,000,000,000,000-2,200,000,000,000,000,000 | 15.6s | found=0 total=0 | elapsed=1883.0s ETA=184min 1.0%
[121/822] 2,200,000,000,000,000,000-2,210,000,000,000,000,000 | 15.7s | found=0 total=0 | elapsed=1899.0s ETA=183min -1.1%
[122/822] 2,210,000,000,000,000,000-2,220,000,000,000,000,000 | 15.5s | found=0 total=0 | elapsed=1914.0s ETA=183min -1.0%
[123/822] 2,220,000,000,000,000,000-2,230,000,000,000,000,000 | 15.6s | found=0 total=0 | elapsed=1930.0s ETA=183min -0.9%
[124/822] 2,230,000,000,000,000,000-2,240,000,000,000,000,000 | 15.5s | found=0 total=0 | elapsed=1945.0s ETA=182min -0.7%
[125/822] 2,240,000,000,000,000,000-2,250,000,000,000,000,000 | 15.8s | found=0 total=0 | elapsed=1961.0s ETA=182min -0.6%
[126/822] 2,250,000,000,000,000,000-2,260,000,000,000,000,000 | 15.7s | found=0 total=0 | elapsed=1977.0s ETA=182min -0.5%
[127/822] 2,260,000,000,000,000,000-2,270,000,000,000,000,000 | 15.7s | found=0 total=0 | elapsed=1993.0s ETA=182min -0.4%
[128/822] 2,270,000,000,000,000,000-2,280,000,000,000,000,000 | 15.7s | found=0 total=0 | elapsed=2008.0s ETA=181min -0.3%
[129/822] 2,280,000,000,000,000,000-2,290,000,000,000,000,000 | 15.6s | found=0 total=0 | elapsed=2024.0s ETA=181min -0.1%
[130/822] 2,290,000,000,000,000,000-2,300,000,000,000,000,000 | 15.6s | found=0 total=0 | elapsed=2040.0s ETA=181min -0.0%
[131/822] 2,300,000,000,000,000,000-2,310,000,000,000,000,000 | 15.7s | found=0 total=0 | elapsed=2055.0s ETA=181min 0.1%
[132/822] 2,310,000,000,000,000,000-2,320,000,000,000,000,000 | 15.8s | found=0 total=0 | elapsed=2071.0s ETA=180min 0.2%
[133/822] 2,320,000,000,000,000,000-2,330,000,000,000,000,000 | 15.9s | found=0 total=0 | elapsed=2087.0s ETA=180min 0.3%
[134/822] 2,330,000,000,000,000,000-2,340,000,000,000,000,000 | 15.8s | found=0 total=0 | elapsed=2103.0s ETA=180min 0.5%
[135/822] 2,340,000,000,000,000,000-2,350,000,000,000,000,000 | 15.6s | found=0 total=0 | elapsed=2118.0s ETA=180min 0.6%
[136/822] 2,350,000,000,000,000,000-2,360,000,000,000,000,000 | 15.9s | found=0 total=0 | elapsed=2134.0s ETA=179min 0.7%
[137/822] 2,360,000,000,000,000,000-2,370,000,000,000,000,000 | 15.7s | found=0 total=0 | elapsed=2150.0s ETA=179min 0.8%
[138/822] 2,370,000,000,000,000,000-2,380,000,000,000,000,000 | 15.6s | found=0 total=0 | elapsed=2166.0s ETA=179min 1.0%
[139/822] 2,380,000,000,000,000,000-2,390,000,000,000,000,000 | 15.6s | found=0 total=0 | elapsed=2181.0s ETA=179min 1.1%
[140/822] 2,390,000,000,000,000,000-2,400,000,000,000,000,000 | 15.7s | found=0 total=0 | elapsed=2197.0s ETA=178min -1.0%
[141/822] 2,400,000,000,000,000,000-2,410,000,000,000,000,000 | 15.6s | found=0 total=0 | elapsed=2212.0s ETA=178min -0.9%
[142/822] 2,410,000,000,000,000,000-2,420,000,000,000,000,000 | 15.6s | found=0 total=0 | elapsed=2228.0s ETA=178min -0.8%
[143/822] 2,420,000,000,000,000,000-2,430,000,000,000,000,000 | 15.6s | found=0 total=0 | elapsed=2244.0s ETA=178min -0.7%
[144/822] 2,430,000,000,000,000,000-2,440,000,000,000,000,000 | 15.7s | found=0 total=0 | elapsed=2259.0s ETA=177min -0.6%
[145/822] 2,440,000,000,000,000,000-2,450,000,000,000,000,000 | 15.7s | found=0 total=0 | elapsed=2275.0s ETA=177min -0.4%
[146/822] 2,450,000,000,000,000,000-2,460,000,000,000,000,000 | 15.6s | found=0 total=0 | elapsed=2291.0s ETA=177min -0.3%
[147/822] 2,460,000,000,000,000,000-2,470,000,000,000,000,000 | 15.6s | found=0 total=0 | elapsed=2306.0s ETA=176min -0.2%
[148/822] 2,470,000,000,000,000,000-2,480,000,000,000,000,000 | 15.6s | found=0 total=0 | elapsed=2322.0s ETA=176min -0.1%
[149/822] 2,480,000,000,000,000,000-2,490,000,000,000,000,000 | 15.7s | found=0 total=0 | elapsed=2338.0s ETA=176min 0.1%
[150/822] 2,490,000,000,000,000,000-2,500,000,000,000,000,000 | 15.7s | found=0 total=0 | elapsed=2353.0s ETA=176min 0.2%
[151/822] 2,500,000,000,000,000,000-2,510,000,000,000,000,000 | 15.6s | found=0 total=0 | elapsed=2369.0s ETA=175min 0.3%
[152/822] 2,510,000,000,000,000,000-2,520,000,000,000,000,000 | 15.6s | found=0 total=0 | elapsed=2385.0s ETA=175min 0.4%
[153/822] 2,520,000,000,000,000,000-2,530,000,000,000,000,000 | 15.7s | found=0 total=0 | elapsed=2400.0s ETA=175min 0.5%
[154/822] 2,530,000,000,000,000,000-2,540,000,000,000,000,000 | 15.7s | found=0 total=0 | elapsed=2416.0s ETA=175min 0.7%
[155/822] 2,540,000,000,000,000,000-2,550,000,000,000,000,000 | 15.7s | found=0 total=0 | elapsed=2432.0s ETA=174min 0.8%
[156/822] 2,550,000,000,000,000,000-2,560,000,000,000,000,000 | 15.9s | found=0 total=0 | elapsed=2448.0s ETA=174min 0.9%
[157/822] 2,560,000,000,000,000,000-2,570,000,000,000,000,000 | 15.8s | found=0 total=0 | elapsed=2463.0s ETA=174min 1.0%
[158/822] 2,570,000,000,000,000,000-2,580,000,000,000,000,000 | 15.8s | found=0 total=0 | elapsed=2479.0s ETA=174min -1.1%
[159/822] 2,580,000,000,000,000,000-2,590,000,000,000,000,000 | 15.9s | found=0 total=0 | elapsed=2495.0s ETA=173min -1.0%
[160/822] 2,590,000,000,000,000,000-2,600,000,000,000,000,000 | 15.8s | found=0 total=0 | elapsed=2511.0s ETA=173min -0.9%
[161/822] 2,600,000,000,000,000,000-2,610,000,000,000,000,000 | 15.8s | found=0 total=0 | elapsed=2527.0s ETA=173min -0.7%
[162/822] 2,610,000,000,000,000,000-2,620,000,000,000,000,000 | 16.0s | found=0 total=0 | elapsed=2543.0s ETA=173min -0.6%
[163/822] 2,620,000,000,000,000,000-2,630,000,000,000,000,000 | 15.8s | found=0 total=0 | elapsed=2559.0s ETA=172min -0.5%
[164/822] 2,630,000,000,000,000,000-2,640,000,000,000,000,000 | 15.9s | found=0 total=0 | elapsed=2575.0s ETA=172min -0.4%
[165/822] 2,640,000,000,000,000,000-2,650,000,000,000,000,000 | 16.1s | found=0 total=0 | elapsed=2591.0s ETA=172min -0.2%
[166/822] 2,650,000,000,000,000,000-2,660,000,000,000,000,000 | 16.0s | found=0 total=0 | elapsed=2607.0s ETA=172min -0.1%
[167/822] 2,660,000,000,000,000,000-2,670,000,000,000,000,000 | 16.0s | found=0 total=0 | elapsed=2623.0s ETA=171min -0.0%
[168/822] 2,670,000,000,000,000,000-2,680,000,000,000,000,000 | 16.0s | found=0 total=0 | elapsed=2639.0s ETA=171min 0.1%
[169/822] 2,680,000,000,000,000,000-2,690,000,000,000,000,000 | 15.8s | found=0 total=0 | elapsed=2654.0s ETA=171min 0.2%
[170/822] 2,690,000,000,000,000,000-2,700,000,000,000,000,000 | 16.0s | found=0 total=0 | elapsed=2671.0s ETA=171min 0.4%
[171/822] 2,700,000,000,000,000,000-2,710,000,000,000,000,000 | 16.0s | found=0 total=0 | elapsed=2687.0s ETA=170min 0.5%
[172/822] 2,710,000,000,000,000,000-2,720,000,000,000,000,000 | 15.6s | found=0 total=0 | elapsed=2702.0s ETA=170min 0.6%
[173/822] 2,720,000,000,000,000,000-2,730,000,000,000,000,000 | 16.1s | found=0 total=0 | elapsed=2718.0s ETA=170min 0.7%
[174/822] 2,730,000,000,000,000,000-2,740,000,000,000,000,000 | 15.9s | found=0 total=0 | elapsed=2734.0s ETA=170min 0.8%
[175/822] 2,740,000,000,000,000,000-2,750,000,000,000,000,000 | 15.7s | found=0 total=0 | elapsed=2750.0s ETA=169min 1.0%
[176/822] 2,750,000,000,000,000,000-2,760,000,000,000,000,000 | 15.8s | found=0 total=0 | elapsed=2766.0s ETA=169min 1.1%
[177/822] 2,760,000,000,000,000,000-2,770,000,000,000,000,000 | 15.8s | found=0 total=0 | elapsed=2781.0s ETA=169min -1.0%
[178/822] 2,770,000,000,000,000,000-2,780,000,000,000,000,000 | 15.7s | found=0 total=0 | elapsed=2797.0s ETA=169min -0.9%
[179/822] 2,780,000,000,000,000,000-2,790,000,000,000,000,000 | 15.8s | found=0 total=0 | elapsed=2813.0s ETA=168min -0.8%
[180/822] 2,790,000,000,000,000,000-2,800,000,000,000,000,000 | 15.8s | found=0 total=0 | elapsed=2829.0s ETA=168min -0.7%
[181/822] 2,800,000,000,000,000,000-2,810,000,000,000,000,000 | 15.8s | found=0 total=0 | elapsed=2844.0s ETA=168min -0.5%
[182/822] 2,810,000,000,000,000,000-2,820,000,000,000,000,000 | 15.8s | found=0 total=0 | elapsed=2860.0s ETA=168min -0.4%
[183/822] 2,820,000,000,000,000,000-2,830,000,000,000,000,000 | 15.7s | found=0 total=0 | elapsed=2876.0s ETA=167min -0.3%
[184/822] 2,830,000,000,000,000,000-2,840,000,000,000,000,000 | 15.8s | found=0 total=0 | elapsed=2892.0s ETA=167min -0.2%
[185/822] 2,840,000,000,000,000,000-2,850,000,000,000,000,000 | 15.7s | found=0 total=0 | elapsed=2908.0s ETA=167min -0.1%
[186/822] 2,850,000,000,000,000,000-2,860,000,000,000,000,000 | 15.8s | found=0 total=0 | elapsed=2923.0s ETA=167min 0.1%
[187/822] 2,860,000,000,000,000,000-2,870,000,000,000,000,000 | 16.0s | found=0 total=0 | elapsed=2939.0s ETA=166min 0.2%
[188/822] 2,870,000,000,000,000,000-2,880,000,000,000,000,000 | 15.8s | found=0 total=0 | elapsed=2955.0s ETA=166min 0.3%
[189/822] 2,880,000,000,000,000,000-2,890,000,000,000,000,000 | 15.8s | found=0 total=0 | elapsed=2971.0s ETA=166min 0.4%
[190/822] 2,890,000,000,000,000,000-2,900,000,000,000,000,000 | 15.8s | found=0 total=0 | elapsed=2987.0s ETA=166min 0.6%
[191/822] 2,900,000,000,000,000,000-2,910,000,000,000,000,000 | 15.9s | found=0 total=0 | elapsed=3003.0s ETA=165min 0.7%
[192/822] 2,910,000,000,000,000,000-2,920,000,000,000,000,000 | 15.9s | found=0 total=0 | elapsed=3018.0s ETA=165min 0.8%
[193/822] 2,920,000,000,000,000,000-2,930,000,000,000,000,000 | 16.0s | found=0 total=0 | elapsed=3035.0s ETA=165min 0.9%
[194/822] 2,930,000,000,000,000,000-2,940,000,000,000,000,000 | 15.9s | found=0 total=0 | elapsed=3050.0s ETA=165min 1.0%
[195/822] 2,940,000,000,000,000,000-2,950,000,000,000,000,000 | 15.7s | found=0 total=0 | elapsed=3066.0s ETA=164min -1.1%
[196/822] 2,950,000,000,000,000,000-2,960,000,000,000,000,000 | 15.8s | found=0 total=0 | elapsed=3082.0s ETA=164min -1.0%
[197/822] 2,960,000,000,000,000,000-2,970,000,000,000,000,000 | 15.8s | found=0 total=0 | elapsed=3098.0s ETA=164min -0.8%
[198/822] 2,970,000,000,000,000,000-2,980,000,000,000,000,000 | 15.8s | found=0 total=0 | elapsed=3114.0s ETA=164min -0.7%
[199/822] 2,980,000,000,000,000,000-2,990,000,000,000,000,000 | 15.6s | found=0 total=0 | elapsed=3129.0s ETA=163min -0.6%
[200/822] 2,990,000,000,000,000,000-3,000,000,000,000,000,000 | 15.7s | found=0 total=0 | elapsed=3145.0s ETA=163min -0.5%
[201/822] 3,000,000,000,000,000,000-3,010,000,000,000,000,000 | 16.0s | found=0 total=0 | elapsed=3161.0s ETA=163min -0.4%
[202/822] 3,010,000,000,000,000,000-3,020,000,000,000,000,000 | 15.8s | found=0 total=0 | elapsed=3177.0s ETA=163min -0.2%
[203/822] 3,020,000,000,000,000,000-3,030,000,000,000,000,000 | 15.7s | found=0 total=0 | elapsed=3192.0s ETA=162min -0.1%
[204/822] 3,030,000,000,000,000,000-3,040,000,000,000,000,000 | 15.6s | found=0 total=0 | elapsed=3208.0s ETA=162min 0.0%
[205/822] 3,040,000,000,000,000,000-3,050,000,000,000,000,000 | 15.6s | found=0 total=0 | elapsed=3224.0s ETA=162min 0.1%
[206/822] 3,050,000,000,000,000,000-3,060,000,000,000,000,000 | 15.5s | found=0 total=0 | elapsed=3239.0s ETA=161min 0.3%
[207/822] 3,060,000,000,000,000,000-3,070,000,000,000,000,000 | 15.8s | found=0 total=0 | elapsed=3255.0s ETA=161min 0.4%
[208/822] 3,070,000,000,000,000,000-3,080,000,000,000,000,000 | 15.6s | found=0 total=0 | elapsed=3271.0s ETA=161min 0.5%
[209/822] 3,080,000,000,000,000,000-3,090,000,000,000,000,000 | 15.7s | found=0 total=0 | elapsed=3286.0s ETA=161min 0.6%
[210/822] 3,090,000,000,000,000,000-3,100,000,000,000,000,000 | 15.8s | found=0 total=0 | elapsed=3302.0s ETA=160min 0.7%
[211/822] 3,100,000,000,000,000,000-3,110,000,000,000,000,000 | 15.9s | found=0 total=0 | elapsed=3318.0s ETA=160min 0.9%
[212/822] 3,110,000,000,000,000,000-3,120,000,000,000,000,000 | 15.5s | found=0 total=0 | elapsed=3334.0s ETA=160min 1.0%
[213/822] 3,120,000,000,000,000,000-3,130,000,000,000,000,000 | 15.6s | found=0 total=0 | elapsed=3349.0s ETA=160min 1.1%
[214/822] 3,130,000,000,000,000,000-3,140,000,000,000,000,000 | 15.9s | found=0 total=0 | elapsed=3365.0s ETA=159min -1.0%
[215/822] 3,140,000,000,000,000,000-3,150,000,000,000,000,000 | 15.6s | found=0 total=0 | elapsed=3381.0s ETA=159min -0.9%
[216/822] 3,150,000,000,000,000,000-3,160,000,000,000,000,000 | 15.6s | found=0 total=0 | elapsed=3396.0s ETA=159min -0.8%
[217/822] 3,160,000,000,000,000,000-3,170,000,000,000,000,000 | 15.8s | found=0 total=0 | elapsed=3412.0s ETA=159min -0.7%
[218/822] 3,170,000,000,000,000,000-3,180,000,000,000,000,000 | 15.7s | found=0 total=0 | elapsed=3428.0s ETA=158min -0.5%
[219/822] 3,180,000,000,000,000,000-3,190,000,000,000,000,000 | 16.0s | found=0 total=0 | elapsed=3444.0s ETA=158min -0.4%
[220/822] 3,190,000,000,000,000,000-3,200,000,000,000,000,000 | 15.6s | found=0 total=0 | elapsed=3459.0s ETA=158min -0.3%
[221/822] 3,200,000,000,000,000,000-3,210,000,000,000,000,000 | 15.7s | found=0 total=0 | elapsed=3475.0s ETA=158min -0.2%
[222/822] 3,210,000,000,000,000,000-3,220,000,000,000,000,000 | 15.6s | found=0 total=0 | elapsed=3490.0s ETA=157min -0.0%
[223/822] 3,220,000,000,000,000,000-3,230,000,000,000,000,000 | 15.7s | found=0 total=0 | elapsed=3506.0s ETA=157min 0.1%
[224/822] 3,230,000,000,000,000,000-3,240,000,000,000,000,000 | 15.8s | found=0 total=0 | elapsed=3522.0s ETA=157min 0.2%
[225/822] 3,240,000,000,000,000,000-3,250,000,000,000,000,000 | 15.6s | found=0 total=0 | elapsed=3538.0s ETA=156min 0.3%
[226/822] 3,250,000,000,000,000,000-3,260,000,000,000,000,000 | 15.5s | found=0 total=0 | elapsed=3553.0s ETA=156min 0.4%
[227/822] 3,260,000,000,000,000,000-3,270,000,000,000,000,000 | 15.6s | found=0 total=0 | elapsed=3569.0s ETA=156min 0.6%
[228/822] 3,270,000,000,000,000,000-3,280,000,000,000,000,000 | 15.6s | found=0 total=0 | elapsed=3584.0s ETA=156min 0.7%
[229/822] 3,280,000,000,000,000,000-3,290,000,000,000,000,000 | 15.7s | found=0 total=0 | elapsed=3600.0s ETA=155min 0.8%
[230/822] 3,290,000,000,000,000,000-3,300,000,000,000,000,000 | 15.7s | found=0 total=0 | elapsed=3616.0s ETA=155min 0.9%
