=== CC15 scan [10, 100000000000000000] ===
CC15 sieve: wheel=14552571002970 residues=28664064 efficiency=507693
  found 0 CC15 in 166.9s
=== CC14 scan [10, 100000000000000000] ===
CC14 sieve: wheel=14552571002970 residues=38899440 efficiency=374107
CC14: 95405042230542329
  found 1 CC14 in 247.8s
  CC14: 95405042230542329
=== CC13 scan [10, 100000000000000000] ===
CC13 sieve: wheel=338431883790 residues=1741824 efficiency=194297
CC13: 4090932431513069
CC13: 18499683680302109
CC13: 63758696531570039
CC13: 76231500851104169
CC13: 83455753965308009
CC13: 87014234613155849
CC13: 95405042230542329
CC13: 97541252462952869
  found 8 CC13 in 532.6s
  CC13: 4090932431513069
  CC13: 18499683680302109
  CC13: 63758696531570039
  CC13: 76231500851104169
  CC13: 83455753965308009
  CC13: 87014234613155849
  CC13: 95405042230542329
  CC13: 97541252462952869
=== CC12 scan [10, 100000000000000000] ===
CC12 sieve: wheel=338431883790 residues=2192400 efficiency=154365
CC12: 554688278429
CC12: 17287267757759
CC12: 175469208383039
CC12: 485385457835849
CC12: 1747547786731889
CC12: 1789807724819399
CC12: 1873031015324039
CC12: 2363480915049539
CC12: 2594074500191459
CC12: 3724344354467879
CC12: 4090932431513069
CC12: 4516330237376099
CC12: 5898886486289939
CC12: 6181576182411629
CC12: 6254182980499739
CC12: 7009895267433629
CC12: 8181864863026139
CC12: 8387632541432429
CC12: 8526504341419349
CC12: 9156861228329099
CC12: 9465713069416889
CC12: 9682457081501489
CC12: 12136506510178049
CC12: 13172710197276629
CC12: 13657536214852529
CC12: 15767876110833989
CC12: 15895575891392339
CC12: 15939593151051569
CC12: 16218220599631049
CC12: 16350156600204569
CC12: 16452056193843269
CC12: 18499683680302109
CC12: 18773153340658859
CC12: 19371595264241219
CC12: 23464781735229119
CC12: 24099714876537299
CC12: 26069043223461809
CC12: 26278700738857709
CC12: 27211021957406429
CC12: 27871290434361659
CC12: 31236933429470339
CC12: 32789341655408909
CC12: 33201723229693589
CC12: 36025982219026799
CC12: 36134951500726649
CC12: 36179289725997989
CC12: 36583342232245379
CC12: 36999367360604219
CC12: 41093022774580919
CC12: 41706789500955149
CC12: 42171441371463689
CC12: 44517745102360529
CC12: 45154042037688869
CC12: 46329763990700189
CC12: 46714566013405289
CC12: 47061202518728969
CC12: 47338878975818429
CC12: 48159264288165029
CC12: 48389128837026119
CC12: 50482471936130519
CC12: 50592140739280139
CC12: 51424018497101249
CC12: 52603380302006819
CC12: 53643531367684829
CC12: 55967682638271689
CC12: 56476921189967849
CC12: 58114707956375069
CC12: 60948077596014179
CC12: 61870307511200759
CC12: 62425604972247659
CC12: 63758696531570039
CC12: 64412159901387869
CC12: 64788637989122189
CC12: 65855653079244599
CC12: 66015656521128599
CC12: 66630142464269669
CC12: 66840652768834229
CC12: 67150499006254949
CC12: 69101684061610199
CC12: 74569660882353779
CC12: 74656456263928109
CC12: 75225697109032469
CC12: 75764640814897319
CC12: 76039507653037499
CC12: 76070617205462879
CC12: 76231500851104169
CC12: 76927832150743859
CC12: 78215732540834459
CC12: 79543440215188949
CC12: 81317287700267189
CC12: 82244921086575389
CC12: 83455753965308009
CC12: 86304516106753229
CC12: 87014234613155849
CC12: 87718185558852419
CC12: 90387290953734059
CC12: 91752238087296929
CC12: 91846771278542279
CC12: 92211920118124949
CC12: 94540936097545079
CC12: 95405042230542329
CC12: 97475642436726839
CC12: 97541252462952869
CC12: 98407346708419319
CC12: 99805673147504609
  found 105 CC12 in 990.0s
  CC12: 554688278429
  CC12: 17287267757759
  CC12: 175469208383039
  CC12: 485385457835849
  CC12: 1747547786731889
  CC12: 1789807724819399
  CC12: 1873031015324039
  CC12: 2363480915049539
  CC12: 2594074500191459
  CC12: 3724344354467879
  CC12: 4090932431513069
  CC12: 4516330237376099
  CC12: 5898886486289939
  CC12: 6181576182411629
  CC12: 6254182980499739
  CC12: 7009895267433629
  CC12: 8181864863026139
  CC12: 8387632541432429
  CC12: 8526504341419349
  CC12: 9156861228329099
  CC12: 9465713069416889
  CC12: 9682457081501489
  CC12: 12136506510178049
  CC12: 13172710197276629
  CC12: 13657536214852529
  CC12: 15767876110833989
  CC12: 15895575891392339
  CC12: 15939593151051569
  CC12: 16218220599631049
  CC12: 16350156600204569
  CC12: 16452056193843269
  CC12: 18499683680302109
  CC12: 18773153340658859
  CC12: 19371595264241219
  CC12: 23464781735229119
  CC12: 24099714876537299
  CC12: 26069043223461809
  CC12: 26278700738857709
  CC12: 27211021957406429
  CC12: 27871290434361659
  CC12: 31236933429470339
  CC12: 32789341655408909
  CC12: 33201723229693589
  CC12: 36025982219026799
  CC12: 36134951500726649
  CC12: 36179289725997989
  CC12: 36583342232245379
  CC12: 36999367360604219
  CC12: 41093022774580919
  CC12: 41706789500955149
  CC12: 42171441371463689
  CC12: 44517745102360529
  CC12: 45154042037688869
  CC12: 46329763990700189
  CC12: 46714566013405289
  CC12: 47061202518728969
  CC12: 47338878975818429
  CC12: 48159264288165029
  CC12: 48389128837026119
  CC12: 50482471936130519
  CC12: 50592140739280139
  CC12: 51424018497101249
  CC12: 52603380302006819
  CC12: 53643531367684829
  CC12: 55967682638271689
  CC12: 56476921189967849
  CC12: 58114707956375069
  CC12: 60948077596014179
  CC12: 61870307511200759
  CC12: 62425604972247659
  CC12: 63758696531570039
  CC12: 64412159901387869
  CC12: 64788637989122189
  CC12: 65855653079244599
  CC12: 66015656521128599
  CC12: 66630142464269669
  CC12: 66840652768834229
  CC12: 67150499006254949
  CC12: 69101684061610199
  CC12: 74569660882353779
  CC12: 74656456263928109
  CC12: 75225697109032469
  CC12: 75764640814897319
  CC12: 76039507653037499
  CC12: 76070617205462879
  CC12: 76231500851104169
  CC12: 76927832150743859
  CC12: 78215732540834459
  CC12: 79543440215188949
  CC12: 81317287700267189
  CC12: 82244921086575389
  CC12: 83455753965308009
  CC12: 86304516106753229
  CC12: 87014234613155849
  CC12: 87718185558852419
  CC12: 90387290953734059
  CC12: 91752238087296929
  CC12: 91846771278542279
  CC12: 92211920118124949
  CC12: 94540936097545079
  CC12: 95405042230542329
  CC12: 97475642436726839
  CC12: 97541252462952869
  CC12: 98407346708419319
  CC12: 99805673147504609
============================================================
DONE!
  CC12: 105
  CC13: 8
  CC14: 1
  CC15: 0
============================================================
