CC15 sieve: wheel=14552571002970 residues=28664064 efficiency=507693
[1/9000] 100000000000000000000-100100000000000000000 | 186.6s | found=0 total=0 | elapsed=187.0s ETA=28047min 0.0%
[2/9000] 100100000000000000000-100200000000000000000 | 169.3s | found=0 total=0 | elapsed=356.0s ETA=26694min 0.0%
[3/9000] 100200000000000000000-100300000000000000000 | 168.7s | found=0 total=0 | elapsed=525.0s ETA=26241min 0.0%
[4/9000] 100300000000000000000-100400000000000000000 | 165.2s | found=0 total=0 | elapsed=690.0s ETA=25864min 0.0%
CC15 sieve: wheel=14552571002970 residues=28664064 efficiency=507693
[1/9900] 10000000000000000000-10100000000000000000 | 178.7s | found=0 total=0 | elapsed=179.0s ETA=29532min 0.0%
CC15 sieve: wheel=14552571002970 residues=28664064 efficiency=507693
[1/9907] 9223372036854775808-9323372036854775808 | 179.9s | found=0 total=0 | elapsed=180.0s ETA=29718min 0.0%
[2/9907] 9323372036854775808-9423372036854775808 | 166.4s | found=0 total=0 | elapsed=346.0s ETA=28559min 0.0%
[3/9907] 9423372036854775808-9523372036854775808 | 161.5s | found=0 total=0 | elapsed=508.0s ETA=27951min 0.0%
[4/9907] 9523372036854775808-9623372036854775808 | 159.8s | found=0 total=0 | elapsed=668.0s ETA=27563min 0.0%
[5/9907] 9623372036854775808-9723372036854775808 | 160.7s | found=0 total=0 | elapsed=828.0s ETA=27330min 0.0%
CC15 sieve: wheel=14552571002970 residues=28664064 efficiency=507693
[6/8] 9723372036854775808-9823372036854775808 | 185.4s | found=0 total=0 | elapsed=185.0s ETA=1min 0.0%
[7/8] 9823372036854775808-9923372036854775808 | 158.8s | found=0 total=0 | elapsed=344.0s ETA=1min 36.1%
[8/8] 9923372036854775808-10000000000000000000 | 122.1s | found=0 total=0 | elapsed=466.0s ETA=0min 72.3%
============================================================
DONE! total=466.0s (7.8min)
CC15 found: 0
============================================================
