┌ Error: You are using CUDA 13.1.0, but CUDA.jl was precompiled for CUDA 13.0.0.
│ This is unexpected; please file an issue.
└ @ CUDA C:\Users\bab20\.julia\packages\CUDA\x8d2s\src\initialization.jl:148
ERROR: LoadError: SystemError: opening file "../logs/cc15_progress.log": No such file or directory
Stacktrace:
  [1] systemerror(p::String, errno::Int32; extrainfo::Nothing)
    @ Base .\error.jl:186
  [2] open(fname::String; lock::Bool, read::Nothing, write::Nothing, create::Nothing, truncate::Nothing, append::Bool)
    @ Base .\iostream.jl:317
  [3] open
    @ .\iostream.jl:296 [inlined]
  [4] open(fname::String, mode::String; lock::Bool)
    @ Base .\iostream.jl:380
  [5] open(fname::String, mode::String)
    @ Base .\iostream.jl:379
  [6] open(::var"#main##0#main##1", ::String, ::Vararg{String}; kwargs::@Kwargs{})
    @ Base .\io.jl:408
  [7] open(::Function, ::String, ::String)
    @ Base .\io.jl:407
  [8] main()
    @ Main C:\Users\bab20\OneDrive\Documents\AnySource\opencode\project02\scripts\_batch_runner.jl:31
  [9] top-level scope
    @ C:\Users\bab20\OneDrive\Documents\AnySource\opencode\project02\scripts\_batch_runner.jl:92
 [10] include(mod::Module, _path::String)
    @ Base .\Base.jl:306
 [11] exec_options(opts::Base.JLOptions)
    @ Base .\client.jl:317
 [12] _start()
    @ Base .\client.jl:550
in expression starting at C:\Users\bab20\OneDrive\Documents\AnySource\opencode\project02\scripts\_batch_runner.jl:92
┌ Error: You are using CUDA 13.1.0, but CUDA.jl was precompiled for CUDA 13.0.0.
│ This is unexpected; please file an issue.
└ @ CUDA C:\Users\bab20\.julia\packages\CUDA\x8d2s\src\initialization.jl:148
