[2026-06-25T21:39:57.672] CC15 search started (Int128)
[2026-06-25T21:39:57.672] range: 100000000000000000000 - 1000000000000000000000
[2026-06-25T21:39:57.708] batch size: 100000000000000000
[2026-06-25T21:39:57.740] threads: 2
[2026-06-25T21:43:04.400] [1/9000] 100000000000000000000-100100000000000000000 | 186.6s | found=0 total=0 | elapsed=187.0s ETA=28047min 0.0%
[2026-06-25T21:45:53.689] [2/9000] 100100000000000000000-100200000000000000000 | 169.3s | found=0 total=0 | elapsed=356.0s ETA=26694min 0.0%
[2026-06-25T21:48:42.364] [3/9000] 100200000000000000000-100300000000000000000 | 168.7s | found=0 total=0 | elapsed=525.0s ETA=26241min 0.0%
[2026-06-25T21:51:27.541] [4/9000] 100300000000000000000-100400000000000000000 | 165.2s | found=0 total=0 | elapsed=690.0s ETA=25864min 0.0%
[2026-06-25T21:53:39.946] CC15 search started (Int128)
[2026-06-25T21:53:39.946] range: 10000000000000000000 - 1000000000000000000000
[2026-06-25T21:53:39.979] batch size: 100000000000000000
[2026-06-25T21:53:40.008] threads: 2
[2026-06-25T21:56:38.825] [1/9900] 10000000000000000000-10100000000000000000 | 178.7s | found=0 total=0 | elapsed=179.0s ETA=29532min 0.0%
[2026-06-25T21:57:40.094] CC15 search started (Int128)
[2026-06-25T21:57:40.094] range: 9223372036854775808 - 1000000000000000000000
[2026-06-25T21:57:40.132] batch size: 100000000000000000
[2026-06-25T21:57:40.165] threads: 2
[2026-06-25T22:00:40.152] [1/9907] 9223372036854775808-9323372036854775808 | 179.9s | found=0 total=0 | elapsed=180.0s ETA=29718min 0.0%
[2026-06-25T22:03:26.571] [2/9907] 9323372036854775808-9423372036854775808 | 166.4s | found=0 total=0 | elapsed=346.0s ETA=28559min 0.0%
[2026-06-25T22:06:08.069] [3/9907] 9423372036854775808-9523372036854775808 | 161.5s | found=0 total=0 | elapsed=508.0s ETA=27951min 0.0%
[2026-06-25T22:08:47.847] [4/9907] 9523372036854775808-9623372036854775808 | 159.8s | found=0 total=0 | elapsed=668.0s ETA=27563min 0.0%
[2026-06-25T22:11:28.508] [5/9907] 9623372036854775808-9723372036854775808 | 160.7s | found=0 total=0 | elapsed=828.0s ETA=27330min 0.0%
[2026-06-25T22:14:29.832] CC15 search started (Int128)
[2026-06-25T22:14:29.832] range: 9223372036854775808 - 10000000000000000000
[2026-06-25T22:14:29.862] batch size: 100000000000000000
[2026-06-25T22:14:29.891] threads: 2
[2026-06-25T22:16:22.532] CC15 search started (Int128)
[2026-06-25T22:16:22.532] range: 9223372036854775808 - 10000000000000000000
[2026-06-25T22:16:22.579] batch size: 100000000000000000
[2026-06-25T22:16:22.624] threads: 2
[2026-06-25T22:18:14.764] CC15 search started (Int128)
[2026-06-25T22:18:14.764] range: 9723372036854775808 - 10000000000000000000
[2026-06-25T22:18:14.802] batch size: 100000000000000000
[2026-06-25T22:18:14.843] threads: 2
[2026-06-25T22:21:20.332] [6/8] 9723372036854775808-9823372036854775808 | 185.4s | found=0 total=0 | elapsed=185.0s ETA=1min 0.0%
[2026-06-25T22:23:59.170] [7/8] 9823372036854775808-9923372036854775808 | 158.8s | found=0 total=0 | elapsed=344.0s ETA=1min 36.1%
[2026-06-25T22:26:01.259] [8/8] 9923372036854775808-10000000000000000000 | 122.1s | found=0 total=0 | elapsed=466.0s ETA=0min 72.3%
[2026-06-25T22:26:01.261] ============================================================
[2026-06-25T22:26:01.261] DONE! total=466.0s (7.8min)
[2026-06-25T22:26:01.261] CC15 found: 0
[2026-06-25T22:26:01.261] ============================================================
