CC15 sieve: wheel=14552571002970 residues=28664064 efficiency=507693
[231/822] 3,300,000,000,000,000,000-3,310,000,000,000,000,000 | 34.0s | found=0 total=0 | elapsed=34.0s ETA=1min 1.1%
[232/822] 3,310,000,000,000,000,000-3,320,000,000,000,000,000 | 16.2s | found=0 total=0 | elapsed=50.0s ETA=2min -1.1%
[233/822] 3,320,000,000,000,000,000-3,330,000,000,000,000,000 | 16.1s | found=0 total=0 | elapsed=66.0s ETA=3min -0.9%
[234/822] 3,330,000,000,000,000,000-3,340,000,000,000,000,000 | 16.4s | found=0 total=0 | elapsed=83.0s ETA=3min -0.8%
[235/822] 3,340,000,000,000,000,000-3,350,000,000,000,000,000 | 16.3s | found=0 total=0 | elapsed=99.0s ETA=4min -0.7%
[236/822] 3,350,000,000,000,000,000-3,360,000,000,000,000,000 | 16.9s | found=0 total=0 | elapsed=116.0s ETA=5min -0.6%
[237/822] 3,360,000,000,000,000,000-3,370,000,000,000,000,000 | 16.7s | found=0 total=0 | elapsed=133.0s ETA=5min -0.5%
[238/822] 3,370,000,000,000,000,000-3,380,000,000,000,000,000 | 16.5s | found=0 total=0 | elapsed=149.0s ETA=6min -0.3%
[239/822] 3,380,000,000,000,000,000-3,390,000,000,000,000,000 | 17.3s | found=0 total=0 | elapsed=166.0s ETA=7min -0.2%
CC15 sieve: wheel=14552571002970 residues=28664064 efficiency=507693
[231/822] 3,300,000,000,000,000,000-3,310,000,000,000,000,000 | 32.0s | found=0 total=0 | elapsed=32.0s ETA=1min 1.1%
[232/822] 3,310,000,000,000,000,000-3,320,000,000,000,000,000 | 15.8s | found=0 total=0 | elapsed=48.0s ETA=2min -1.1%
[233/822] 3,320,000,000,000,000,000-3,330,000,000,000,000,000 | 15.8s | found=0 total=0 | elapsed=64.0s ETA=3min -0.9%
[234/822] 3,330,000,000,000,000,000-3,340,000,000,000,000,000 | 15.8s | found=0 total=0 | elapsed=79.0s ETA=3min -0.8%
[235/822] 3,340,000,000,000,000,000-3,350,000,000,000,000,000 | 15.1s | found=0 total=0 | elapsed=95.0s ETA=4min -0.7%
[236/822] 3,350,000,000,000,000,000-3,360,000,000,000,000,000 | 15.2s | found=0 total=0 | elapsed=110.0s ETA=5min -0.6%
[237/822] 3,360,000,000,000,000,000-3,370,000,000,000,000,000 | 15.1s | found=0 total=0 | elapsed=125.0s ETA=5min -0.5%
[238/822] 3,370,000,000,000,000,000-3,380,000,000,000,000,000 | 15.1s | found=0 total=0 | elapsed=140.0s ETA=6min -0.3%
[239/822] 3,380,000,000,000,000,000-3,390,000,000,000,000,000 | 15.1s | found=0 total=0 | elapsed=155.0s ETA=6min -0.2%
[240/822] 3,390,000,000,000,000,000-3,400,000,000,000,000,000 | 15.1s | found=0 total=0 | elapsed=170.0s ETA=7min -0.1%
[241/822] 3,400,000,000,000,000,000-3,410,000,000,000,000,000 | 15.1s | found=0 total=0 | elapsed=185.0s ETA=7min 0.0%
[242/822] 3,410,000,000,000,000,000-3,420,000,000,000,000,000 | 15.1s | found=0 total=0 | elapsed=201.0s ETA=8min 0.1%
[243/822] 3,420,000,000,000,000,000-3,430,000,000,000,000,000 | 15.1s | found=0 total=0 | elapsed=216.0s ETA=9min 0.3%
[244/822] 3,430,000,000,000,000,000-3,440,000,000,000,000,000 | 15.1s | found=0 total=0 | elapsed=231.0s ETA=9min 0.4%
[245/822] 3,440,000,000,000,000,000-3,450,000,000,000,000,000 | 15.1s | found=0 total=0 | elapsed=246.0s ETA=10min 0.5%
[246/822] 3,450,000,000,000,000,000-3,460,000,000,000,000,000 | 15.1s | found=0 total=0 | elapsed=261.0s ETA=10min 0.6%
[247/822] 3,460,000,000,000,000,000-3,470,000,000,000,000,000 | 15.1s | found=0 total=0 | elapsed=276.0s ETA=11min 0.8%
[248/822] 3,470,000,000,000,000,000-3,480,000,000,000,000,000 | 15.1s | found=0 total=0 | elapsed=291.0s ETA=11min 0.9%
[249/822] 3,480,000,000,000,000,000-3,490,000,000,000,000,000 | 15.1s | found=0 total=0 | elapsed=306.0s ETA=12min 1.0%
[250/822] 3,490,000,000,000,000,000-3,500,000,000,000,000,000 | 15.1s | found=0 total=0 | elapsed=321.0s ETA=12min 1.1%
[251/822] 3,500,000,000,000,000,000-3,510,000,000,000,000,000 | 15.1s | found=0 total=0 | elapsed=337.0s ETA=13min -1.0%
[252/822] 3,510,000,000,000,000,000-3,520,000,000,000,000,000 | 15.1s | found=0 total=0 | elapsed=352.0s ETA=13min -0.9%
[253/822] 3,520,000,000,000,000,000-3,530,000,000,000,000,000 | 15.2s | found=0 total=0 | elapsed=367.0s ETA=14min -0.8%
[254/822] 3,530,000,000,000,000,000-3,540,000,000,000,000,000 | 15.1s | found=0 total=0 | elapsed=382.0s ETA=14min -0.6%
[255/822] 3,540,000,000,000,000,000-3,550,000,000,000,000,000 | 15.1s | found=0 total=0 | elapsed=397.0s ETA=15min -0.5%
[256/822] 3,550,000,000,000,000,000-3,560,000,000,000,000,000 | 15.1s | found=0 total=0 | elapsed=412.0s ETA=15min -0.4%
[257/822] 3,560,000,000,000,000,000-3,570,000,000,000,000,000 | 15.1s | found=0 total=0 | elapsed=427.0s ETA=16min -0.3%
[258/822] 3,570,000,000,000,000,000-3,580,000,000,000,000,000 | 15.1s | found=0 total=0 | elapsed=442.0s ETA=16min -0.2%
[259/822] 3,580,000,000,000,000,000-3,590,000,000,000,000,000 | 15.1s | found=0 total=0 | elapsed=458.0s ETA=17min -0.0%
[260/822] 3,590,000,000,000,000,000-3,600,000,000,000,000,000 | 15.1s | found=0 total=0 | elapsed=473.0s ETA=17min 0.1%
[261/822] 3,600,000,000,000,000,000-3,610,000,000,000,000,000 | 15.1s | found=0 total=0 | elapsed=488.0s ETA=17min 0.2%
[262/822] 3,610,000,000,000,000,000-3,620,000,000,000,000,000 | 15.1s | found=0 total=0 | elapsed=503.0s ETA=18min 0.3%
[263/822] 3,620,000,000,000,000,000-3,630,000,000,000,000,000 | 15.1s | found=0 total=0 | elapsed=518.0s ETA=18min 0.5%
[264/822] 3,630,000,000,000,000,000-3,640,000,000,000,000,000 | 15.1s | found=0 total=0 | elapsed=533.0s ETA=19min 0.6%
[265/822] 3,640,000,000,000,000,000-3,650,000,000,000,000,000 | 15.1s | found=0 total=0 | elapsed=548.0s ETA=19min 0.7%
[266/822] 3,650,000,000,000,000,000-3,660,000,000,000,000,000 | 15.1s | found=0 total=0 | elapsed=563.0s ETA=20min 0.8%
[267/822] 3,660,000,000,000,000,000-3,670,000,000,000,000,000 | 15.1s | found=0 total=0 | elapsed=579.0s ETA=20min 0.9%
[268/822] 3,670,000,000,000,000,000-3,680,000,000,000,000,000 | 15.1s | found=0 total=0 | elapsed=594.0s ETA=20min 1.1%
[269/822] 3,680,000,000,000,000,000-3,690,000,000,000,000,000 | 15.1s | found=0 total=0 | elapsed=609.0s ETA=21min -1.1%
[270/822] 3,690,000,000,000,000,000-3,700,000,000,000,000,000 | 15.1s | found=0 total=0 | elapsed=624.0s ETA=21min -0.9%
[271/822] 3,700,000,000,000,000,000-3,710,000,000,000,000,000 | 15.1s | found=0 total=0 | elapsed=639.0s ETA=22min -0.8%
[272/822] 3,710,000,000,000,000,000-3,720,000,000,000,000,000 | 15.1s | found=0 total=0 | elapsed=654.0s ETA=22min -0.7%
[273/822] 3,720,000,000,000,000,000-3,730,000,000,000,000,000 | 15.1s | found=0 total=0 | elapsed=669.0s ETA=22min -0.6%
[274/822] 3,730,000,000,000,000,000-3,740,000,000,000,000,000 | 15.1s | found=0 total=0 | elapsed=684.0s ETA=23min -0.5%
[275/822] 3,740,000,000,000,000,000-3,750,000,000,000,000,000 | 15.2s | found=0 total=0 | elapsed=700.0s ETA=23min -0.3%
[276/822] 3,750,000,000,000,000,000-3,760,000,000,000,000,000 | 15.2s | found=0 total=0 | elapsed=715.0s ETA=24min -0.2%
[277/822] 3,760,000,000,000,000,000-3,770,000,000,000,000,000 | 15.1s | found=0 total=0 | elapsed=730.0s ETA=24min -0.1%
[278/822] 3,770,000,000,000,000,000-3,780,000,000,000,000,000 | 15.1s | found=0 total=0 | elapsed=745.0s ETA=24min 0.0%
[279/822] 3,780,000,000,000,000,000-3,790,000,000,000,000,000 | 15.3s | found=0 total=0 | elapsed=760.0s ETA=25min 0.2%
[280/822] 3,790,000,000,000,000,000-3,800,000,000,000,000,000 | 15.1s | found=0 total=0 | elapsed=775.0s ETA=25min 0.3%
[281/822] 3,800,000,000,000,000,000-3,810,000,000,000,000,000 | 15.1s | found=0 total=0 | elapsed=790.0s ETA=25min 0.4%
[282/822] 3,810,000,000,000,000,000-3,820,000,000,000,000,000 | 15.1s | found=0 total=0 | elapsed=806.0s ETA=26min 0.5%
[283/822] 3,820,000,000,000,000,000-3,830,000,000,000,000,000 | 15.1s | found=0 total=0 | elapsed=821.0s ETA=26min 0.6%
[284/822] 3,830,000,000,000,000,000-3,840,000,000,000,000,000 | 15.1s | found=0 total=0 | elapsed=836.0s ETA=26min 0.8%
[285/822] 3,840,000,000,000,000,000-3,850,000,000,000,000,000 | 15.1s | found=0 total=0 | elapsed=851.0s ETA=27min 0.9%
[286/822] 3,850,000,000,000,000,000-3,860,000,000,000,000,000 | 15.1s | found=0 total=0 | elapsed=866.0s ETA=27min 1.0%
[287/822] 3,860,000,000,000,000,000-3,870,000,000,000,000,000 | 15.1s | found=0 total=0 | elapsed=881.0s ETA=27min -1.1%
[288/822] 3,870,000,000,000,000,000-3,880,000,000,000,000,000 | 15.1s | found=0 total=0 | elapsed=896.0s ETA=28min -1.0%
[289/822] 3,880,000,000,000,000,000-3,890,000,000,000,000,000 | 15.1s | found=0 total=0 | elapsed=911.0s ETA=28min -0.9%
[290/822] 3,890,000,000,000,000,000-3,900,000,000,000,000,000 | 15.1s | found=0 total=0 | elapsed=926.0s ETA=28min -0.7%
[291/822] 3,900,000,000,000,000,000-3,910,000,000,000,000,000 | 15.1s | found=0 total=0 | elapsed=941.0s ETA=29min -0.6%
[292/822] 3,910,000,000,000,000,000-3,920,000,000,000,000,000 | 15.1s | found=0 total=0 | elapsed=957.0s ETA=29min -0.5%
[293/822] 3,920,000,000,000,000,000-3,930,000,000,000,000,000 | 15.1s | found=0 total=0 | elapsed=972.0s ETA=29min -0.4%
[294/822] 3,930,000,000,000,000,000-3,940,000,000,000,000,000 | 15.1s | found=0 total=0 | elapsed=987.0s ETA=30min -0.3%
[295/822] 3,940,000,000,000,000,000-3,950,000,000,000,000,000 | 15.1s | found=0 total=0 | elapsed=1002.0s ETA=30min -0.1%
[296/822] 3,950,000,000,000,000,000-3,960,000,000,000,000,000 | 15.1s | found=0 total=0 | elapsed=1017.0s ETA=30min -0.0%
[297/822] 3,960,000,000,000,000,000-3,970,000,000,000,000,000 | 15.1s | found=0 total=0 | elapsed=1032.0s ETA=30min 0.1%
[298/822] 3,970,000,000,000,000,000-3,980,000,000,000,000,000 | 15.1s | found=0 total=0 | elapsed=1047.0s ETA=31min 0.2%
[299/822] 3,980,000,000,000,000,000-3,990,000,000,000,000,000 | 15.1s | found=0 total=0 | elapsed=1062.0s ETA=31min 0.3%
[300/822] 3,990,000,000,000,000,000-4,000,000,000,000,000,000 | 15.1s | found=0 total=0 | elapsed=1077.0s ETA=31min 0.5%
[301/822] 4,000,000,000,000,000,000-4,010,000,000,000,000,000 | 15.1s | found=0 total=0 | elapsed=1093.0s ETA=32min 0.6%
[302/822] 4,010,000,000,000,000,000-4,020,000,000,000,000,000 | 15.1s | found=0 total=0 | elapsed=1108.0s ETA=32min 0.7%
[303/822] 4,020,000,000,000,000,000-4,030,000,000,000,000,000 | 15.1s | found=0 total=0 | elapsed=1123.0s ETA=32min 0.8%
[304/822] 4,030,000,000,000,000,000-4,040,000,000,000,000,000 | 15.1s | found=0 total=0 | elapsed=1138.0s ETA=32min 1.0%
[305/822] 4,040,000,000,000,000,000-4,050,000,000,000,000,000 | 15.1s | found=0 total=0 | elapsed=1153.0s ETA=33min 1.1%
[306/822] 4,050,000,000,000,000,000-4,060,000,000,000,000,000 | 15.1s | found=0 total=0 | elapsed=1168.0s ETA=33min -1.0%
[307/822] 4,060,000,000,000,000,000-4,070,000,000,000,000,000 | 15.1s | found=0 total=0 | elapsed=1183.0s ETA=33min -0.9%
[308/822] 4,070,000,000,000,000,000-4,080,000,000,000,000,000 | 15.1s | found=0 total=0 | elapsed=1198.0s ETA=33min -0.8%
[309/822] 4,080,000,000,000,000,000-4,090,000,000,000,000,000 | 15.1s | found=0 total=0 | elapsed=1213.0s ETA=34min -0.7%
[310/822] 4,090,000,000,000,000,000-4,100,000,000,000,000,000 | 15.1s | found=0 total=0 | elapsed=1228.0s ETA=34min -0.6%
[311/822] 4,100,000,000,000,000,000-4,110,000,000,000,000,000 | 15.1s | found=0 total=0 | elapsed=1244.0s ETA=34min -0.4%
[312/822] 4,110,000,000,000,000,000-4,120,000,000,000,000,000 | 15.1s | found=0 total=0 | elapsed=1259.0s ETA=34min -0.3%
[313/822] 4,120,000,000,000,000,000-4,130,000,000,000,000,000 | 15.1s | found=0 total=0 | elapsed=1274.0s ETA=35min -0.2%
[314/822] 4,130,000,000,000,000,000-4,140,000,000,000,000,000 | 15.1s | found=0 total=0 | elapsed=1289.0s ETA=35min -0.1%
[315/822] 4,140,000,000,000,000,000-4,150,000,000,000,000,000 | 15.1s | found=0 total=0 | elapsed=1304.0s ETA=35min 0.0%
[316/822] 4,150,000,000,000,000,000-4,160,000,000,000,000,000 | 15.1s | found=0 total=0 | elapsed=1319.0s ETA=35min 0.2%
[317/822] 4,160,000,000,000,000,000-4,170,000,000,000,000,000 | 15.1s | found=0 total=0 | elapsed=1334.0s ETA=35min 0.3%
[318/822] 4,170,000,000,000,000,000-4,180,000,000,000,000,000 | 15.1s | found=0 total=0 | elapsed=1349.0s ETA=36min 0.4%
[319/822] 4,180,000,000,000,000,000-4,190,000,000,000,000,000 | 15.1s | found=0 total=0 | elapsed=1364.0s ETA=36min 0.5%
[320/822] 4,190,000,000,000,000,000-4,200,000,000,000,000,000 | 15.1s | found=0 total=0 | elapsed=1379.0s ETA=36min 0.7%
[321/822] 4,200,000,000,000,000,000-4,210,000,000,000,000,000 | 15.1s | found=0 total=0 | elapsed=1395.0s ETA=36min 0.8%
[322/822] 4,210,000,000,000,000,000-4,220,000,000,000,000,000 | 15.1s | found=0 total=0 | elapsed=1410.0s ETA=36min 0.9%
[323/822] 4,220,000,000,000,000,000-4,230,000,000,000,000,000 | 15.2s | found=0 total=0 | elapsed=1425.0s ETA=37min 1.0%
[324/822] 4,230,000,000,000,000,000-4,240,000,000,000,000,000 | 15.2s | found=0 total=0 | elapsed=1440.0s ETA=37min -1.1%
[325/822] 4,240,000,000,000,000,000-4,250,000,000,000,000,000 | 15.2s | found=0 total=0 | elapsed=1455.0s ETA=37min -1.0%
[326/822] 4,250,000,000,000,000,000-4,260,000,000,000,000,000 | 15.1s | found=0 total=0 | elapsed=1470.0s ETA=37min -0.9%
[327/822] 4,260,000,000,000,000,000-4,270,000,000,000,000,000 | 15.2s | found=0 total=0 | elapsed=1485.0s ETA=37min -0.7%
[328/822] 4,270,000,000,000,000,000-4,280,000,000,000,000,000 | 15.2s | found=0 total=0 | elapsed=1501.0s ETA=38min -0.6%
[329/822] 4,280,000,000,000,000,000-4,290,000,000,000,000,000 | 15.2s | found=0 total=0 | elapsed=1516.0s ETA=38min -0.5%
[330/822] 4,290,000,000,000,000,000-4,300,000,000,000,000,000 | 15.2s | found=0 total=0 | elapsed=1531.0s ETA=38min -0.4%
CC15 sieve: wheel=14552571002970 residues=28664064 efficiency=507693
[402/822] 5,010,000,000,000,000,000-5,020,000,000,000,000,000 | 32.1s | found=0 total=0 | elapsed=32.0s ETA=1min -0.6%
[403/822] 5,020,000,000,000,000,000-5,030,000,000,000,000,000 | 16.2s | found=0 total=0 | elapsed=48.0s ETA=1min -0.5%
[404/822] 5,030,000,000,000,000,000-5,040,000,000,000,000,000 | 16.1s | found=0 total=0 | elapsed=65.0s ETA=1min -0.3%
[405/822] 5,040,000,000,000,000,000-5,050,000,000,000,000,000 | 15.5s | found=0 total=0 | elapsed=80.0s ETA=1min -0.2%
[406/822] 5,050,000,000,000,000,000-5,060,000,000,000,000,000 | 15.6s | found=0 total=0 | elapsed=96.0s ETA=2min -0.1%
[407/822] 5,060,000,000,000,000,000-5,070,000,000,000,000,000 | 15.5s | found=0 total=0 | elapsed=111.0s ETA=2min 0.0%
[408/822] 5,070,000,000,000,000,000-5,080,000,000,000,000,000 | 15.5s | found=0 total=0 | elapsed=127.0s ETA=2min 0.1%
[409/822] 5,080,000,000,000,000,000-5,090,000,000,000,000,000 | 15.5s | found=0 total=0 | elapsed=142.0s ETA=2min 0.3%
[410/822] 5,090,000,000,000,000,000-5,100,000,000,000,000,000 | 15.6s | found=0 total=0 | elapsed=158.0s ETA=3min 0.4%
[411/822] 5,100,000,000,000,000,000-5,110,000,000,000,000,000 | 15.6s | found=0 total=0 | elapsed=173.0s ETA=3min 0.5%
[412/822] 5,110,000,000,000,000,000-5,120,000,000,000,000,000 | 15.5s | found=0 total=0 | elapsed=189.0s ETA=3min 0.6%
[413/822] 5,120,000,000,000,000,000-5,130,000,000,000,000,000 | 15.5s | found=0 total=0 | elapsed=204.0s ETA=3min 0.8%
[414/822] 5,130,000,000,000,000,000-5,140,000,000,000,000,000 | 15.6s | found=0 total=0 | elapsed=220.0s ETA=4min 0.9%
[415/822] 5,140,000,000,000,000,000-5,150,000,000,000,000,000 | 15.5s | found=0 total=0 | elapsed=236.0s ETA=4min 1.0%
[416/822] 5,150,000,000,000,000,000-5,160,000,000,000,000,000 | 15.6s | found=0 total=0 | elapsed=251.0s ETA=4min 1.1%
[417/822] 5,160,000,000,000,000,000-5,170,000,000,000,000,000 | 15.6s | found=0 total=0 | elapsed=267.0s ETA=4min -1.0%
[418/822] 5,170,000,000,000,000,000-5,180,000,000,000,000,000 | 15.6s | found=0 total=0 | elapsed=282.0s ETA=5min -0.9%
[419/822] 5,180,000,000,000,000,000-5,190,000,000,000,000,000 | 15.6s | found=0 total=0 | elapsed=298.0s ETA=5min -0.8%
[420/822] 5,190,000,000,000,000,000-5,200,000,000,000,000,000 | 15.5s | found=0 total=0 | elapsed=313.0s ETA=5min -0.6%
[421/822] 5,200,000,000,000,000,000-5,210,000,000,000,000,000 | 15.5s | found=0 total=0 | elapsed=329.0s ETA=5min -0.5%
[422/822] 5,210,000,000,000,000,000-5,220,000,000,000,000,000 | 15.5s | found=0 total=0 | elapsed=344.0s ETA=5min -0.4%
[423/822] 5,220,000,000,000,000,000-5,230,000,000,000,000,000 | 15.6s | found=0 total=0 | elapsed=360.0s ETA=6min -0.3%
[424/822] 5,230,000,000,000,000,000-5,240,000,000,000,000,000 | 15.5s | found=0 total=0 | elapsed=376.0s ETA=6min -0.2%
[425/822] 5,240,000,000,000,000,000-5,250,000,000,000,000,000 | 15.6s | found=0 total=0 | elapsed=391.0s ETA=6min -0.0%
[426/822] 5,250,000,000,000,000,000-5,260,000,000,000,000,000 | 15.6s | found=0 total=0 | elapsed=407.0s ETA=6min 0.1%
[427/822] 5,260,000,000,000,000,000-5,270,000,000,000,000,000 | 15.5s | found=0 total=0 | elapsed=422.0s ETA=7min 0.2%
[428/822] 5,270,000,000,000,000,000-5,280,000,000,000,000,000 | 15.5s | found=0 total=0 | elapsed=438.0s ETA=7min 0.3%
[429/822] 5,280,000,000,000,000,000-5,290,000,000,000,000,000 | 15.5s | found=0 total=0 | elapsed=453.0s ETA=7min 0.5%
[430/822] 5,290,000,000,000,000,000-5,300,000,000,000,000,000 | 15.6s | found=0 total=0 | elapsed=469.0s ETA=7min 0.6%
[431/822] 5,300,000,000,000,000,000-5,310,000,000,000,000,000 | 15.5s | found=0 total=0 | elapsed=484.0s ETA=7min 0.7%
[432/822] 5,310,000,000,000,000,000-5,320,000,000,000,000,000 | 15.6s | found=0 total=0 | elapsed=500.0s ETA=8min 0.8%
[433/822] 5,320,000,000,000,000,000-5,330,000,000,000,000,000 | 15.6s | found=0 total=0 | elapsed=516.0s ETA=8min 0.9%
[434/822] 5,330,000,000,000,000,000-5,340,000,000,000,000,000 | 15.5s | found=0 total=0 | elapsed=531.0s ETA=8min 1.1%
[435/822] 5,340,000,000,000,000,000-5,350,000,000,000,000,000 | 15.5s | found=0 total=0 | elapsed=547.0s ETA=8min -1.1%
[436/822] 5,350,000,000,000,000,000-5,360,000,000,000,000,000 | 15.6s | found=0 total=0 | elapsed=562.0s ETA=8min -0.9%
[437/822] 5,360,000,000,000,000,000-5,370,000,000,000,000,000 | 15.6s | found=0 total=0 | elapsed=578.0s ETA=8min -0.8%
[438/822] 5,370,000,000,000,000,000-5,380,000,000,000,000,000 | 15.7s | found=0 total=0 | elapsed=593.0s ETA=9min -0.7%
[439/822] 5,380,000,000,000,000,000-5,390,000,000,000,000,000 | 15.7s | found=0 total=0 | elapsed=609.0s ETA=9min -0.6%
[440/822] 5,390,000,000,000,000,000-5,400,000,000,000,000,000 | 15.8s | found=0 total=0 | elapsed=625.0s ETA=9min -0.5%
[441/822] 5,400,000,000,000,000,000-5,410,000,000,000,000,000 | 16.0s | found=0 total=0 | elapsed=641.0s ETA=9min -0.3%
[442/822] 5,410,000,000,000,000,000-5,420,000,000,000,000,000 | 15.5s | found=0 total=0 | elapsed=657.0s ETA=9min -0.2%
[443/822] 5,420,000,000,000,000,000-5,430,000,000,000,000,000 | 15.7s | found=0 total=0 | elapsed=672.0s ETA=10min -0.1%
[444/822] 5,430,000,000,000,000,000-5,440,000,000,000,000,000 | 15.7s | found=0 total=0 | elapsed=688.0s ETA=10min 0.0%
[445/822] 5,440,000,000,000,000,000-5,450,000,000,000,000,000 | 15.7s | found=0 total=0 | elapsed=704.0s ETA=10min 0.2%
[446/822] 5,450,000,000,000,000,000-5,460,000,000,000,000,000 | 15.9s | found=0 total=0 | elapsed=719.0s ETA=10min 0.3%
[447/822] 5,460,000,000,000,000,000-5,470,000,000,000,000,000 | 15.7s | found=0 total=0 | elapsed=735.0s ETA=10min 0.4%
[448/822] 5,470,000,000,000,000,000-5,480,000,000,000,000,000 | 15.6s | found=0 total=0 | elapsed=751.0s ETA=10min 0.5%
[449/822] 5,480,000,000,000,000,000-5,490,000,000,000,000,000 | 15.6s | found=0 total=0 | elapsed=766.0s ETA=11min 0.6%
[450/822] 5,490,000,000,000,000,000-5,500,000,000,000,000,000 | 15.8s | found=0 total=0 | elapsed=782.0s ETA=11min 0.8%
[451/822] 5,500,000,000,000,000,000-5,510,000,000,000,000,000 | 15.7s | found=0 total=0 | elapsed=798.0s ETA=11min 0.9%
[452/822] 5,510,000,000,000,000,000-5,520,000,000,000,000,000 | 15.5s | found=0 total=0 | elapsed=813.0s ETA=11min 1.0%
[453/822] 5,520,000,000,000,000,000-5,530,000,000,000,000,000 | 15.5s | found=0 total=0 | elapsed=829.0s ETA=11min -1.1%
[454/822] 5,530,000,000,000,000,000-5,540,000,000,000,000,000 | 15.5s | found=0 total=0 | elapsed=844.0s ETA=11min -1.0%
[455/822] 5,540,000,000,000,000,000-5,550,000,000,000,000,000 | 15.5s | found=0 total=0 | elapsed=860.0s ETA=12min -0.9%
[456/822] 5,550,000,000,000,000,000-5,560,000,000,000,000,000 | 15.5s | found=0 total=0 | elapsed=875.0s ETA=12min -0.8%
[457/822] 5,560,000,000,000,000,000-5,570,000,000,000,000,000 | 15.5s | found=0 total=0 | elapsed=891.0s ETA=12min -0.6%
[458/822] 5,570,000,000,000,000,000-5,580,000,000,000,000,000 | 15.5s | found=0 total=0 | elapsed=906.0s ETA=12min -0.5%
[459/822] 5,580,000,000,000,000,000-5,590,000,000,000,000,000 | 15.5s | found=0 total=0 | elapsed=922.0s ETA=12min -0.4%
[460/822] 5,590,000,000,000,000,000-5,600,000,000,000,000,000 | 15.5s | found=0 total=0 | elapsed=937.0s ETA=12min -0.3%
[461/822] 5,600,000,000,000,000,000-5,610,000,000,000,000,000 | 15.5s | found=0 total=0 | elapsed=953.0s ETA=12min -0.1%
[462/822] 5,610,000,000,000,000,000-5,620,000,000,000,000,000 | 15.5s | found=0 total=0 | elapsed=968.0s ETA=13min -0.0%
[463/822] 5,620,000,000,000,000,000-5,630,000,000,000,000,000 | 15.5s | found=0 total=0 | elapsed=984.0s ETA=13min 0.1%
[464/822] 5,630,000,000,000,000,000-5,640,000,000,000,000,000 | 15.5s | found=0 total=0 | elapsed=999.0s ETA=13min 0.2%
[465/822] 5,640,000,000,000,000,000-5,650,000,000,000,000,000 | 15.5s | found=0 total=0 | elapsed=1015.0s ETA=13min 0.3%
[466/822] 5,650,000,000,000,000,000-5,660,000,000,000,000,000 | 15.5s | found=0 total=0 | elapsed=1030.0s ETA=13min 0.5%
[467/822] 5,660,000,000,000,000,000-5,670,000,000,000,000,000 | 15.5s | found=0 total=0 | elapsed=1046.0s ETA=13min 0.6%
[468/822] 5,670,000,000,000,000,000-5,680,000,000,000,000,000 | 15.5s | found=0 total=0 | elapsed=1061.0s ETA=13min 0.7%
[469/822] 5,680,000,000,000,000,000-5,690,000,000,000,000,000 | 15.6s | found=0 total=0 | elapsed=1077.0s ETA=14min 0.8%
[470/822] 5,690,000,000,000,000,000-5,700,000,000,000,000,000 | 15.5s | found=0 total=0 | elapsed=1093.0s ETA=14min 1.0%
[471/822] 5,700,000,000,000,000,000-5,710,000,000,000,000,000 | 15.5s | found=0 total=0 | elapsed=1108.0s ETA=14min 1.1%
[472/822] 5,710,000,000,000,000,000-5,720,000,000,000,000,000 | 15.5s | found=0 total=0 | elapsed=1124.0s ETA=14min -1.0%
[473/822] 5,720,000,000,000,000,000-5,730,000,000,000,000,000 | 15.5s | found=0 total=0 | elapsed=1139.0s ETA=14min -0.9%
[474/822] 5,730,000,000,000,000,000-5,740,000,000,000,000,000 | 15.5s | found=0 total=0 | elapsed=1155.0s ETA=14min -0.8%
[475/822] 5,740,000,000,000,000,000-5,750,000,000,000,000,000 | 15.5s | found=0 total=0 | elapsed=1170.0s ETA=14min -0.7%
[476/822] 5,750,000,000,000,000,000-5,760,000,000,000,000,000 | 15.5s | found=0 total=0 | elapsed=1186.0s ETA=14min -0.6%
[477/822] 5,760,000,000,000,000,000-5,770,000,000,000,000,000 | 15.5s | found=0 total=0 | elapsed=1201.0s ETA=14min -0.4%
[478/822] 5,770,000,000,000,000,000-5,780,000,000,000,000,000 | 15.5s | found=0 total=0 | elapsed=1217.0s ETA=15min -0.3%
[479/822] 5,780,000,000,000,000,000-5,790,000,000,000,000,000 | 15.5s | found=0 total=0 | elapsed=1232.0s ETA=15min -0.2%
[480/822] 5,790,000,000,000,000,000-5,800,000,000,000,000,000 | 15.5s | found=0 total=0 | elapsed=1248.0s ETA=15min -0.1%
[481/822] 5,800,000,000,000,000,000-5,810,000,000,000,000,000 | 15.5s | found=0 total=0 | elapsed=1263.0s ETA=15min 0.0%
[482/822] 5,810,000,000,000,000,000-5,820,000,000,000,000,000 | 15.4s | found=0 total=0 | elapsed=1279.0s ETA=15min 0.2%
[483/822] 5,820,000,000,000,000,000-5,830,000,000,000,000,000 | 15.5s | found=0 total=0 | elapsed=1294.0s ETA=15min 0.3%
[484/822] 5,830,000,000,000,000,000-5,840,000,000,000,000,000 | 15.5s | found=0 total=0 | elapsed=1310.0s ETA=15min 0.4%
[485/822] 5,840,000,000,000,000,000-5,850,000,000,000,000,000 | 15.5s | found=0 total=0 | elapsed=1325.0s ETA=15min 0.5%
[486/822] 5,850,000,000,000,000,000-5,860,000,000,000,000,000 | 15.5s | found=0 total=0 | elapsed=1340.0s ETA=15min 0.7%
[487/822] 5,860,000,000,000,000,000-5,870,000,000,000,000,000 | 15.5s | found=0 total=0 | elapsed=1356.0s ETA=16min 0.8%
[488/822] 5,870,000,000,000,000,000-5,880,000,000,000,000,000 | 15.5s | found=0 total=0 | elapsed=1371.0s ETA=16min 0.9%
[489/822] 5,880,000,000,000,000,000-5,890,000,000,000,000,000 | 15.5s | found=0 total=0 | elapsed=1387.0s ETA=16min 1.0%
[490/822] 5,890,000,000,000,000,000-5,900,000,000,000,000,000 | 15.5s | found=0 total=0 | elapsed=1402.0s ETA=16min -1.1%
[491/822] 5,900,000,000,000,000,000-5,910,000,000,000,000,000 | 15.5s | found=0 total=0 | elapsed=1418.0s ETA=16min -1.0%
[492/822] 5,910,000,000,000,000,000-5,920,000,000,000,000,000 | 15.5s | found=0 total=0 | elapsed=1433.0s ETA=16min -0.9%
[493/822] 5,920,000,000,000,000,000-5,930,000,000,000,000,000 | 15.6s | found=0 total=0 | elapsed=1449.0s ETA=16min -0.7%
[494/822] 5,930,000,000,000,000,000-5,940,000,000,000,000,000 | 15.7s | found=0 total=0 | elapsed=1465.0s ETA=16min -0.6%
[495/822] 5,940,000,000,000,000,000-5,950,000,000,000,000,000 | 15.8s | found=0 total=0 | elapsed=1481.0s ETA=16min -0.5%
[496/822] 5,950,000,000,000,000,000-5,960,000,000,000,000,000 | 15.7s | found=0 total=0 | elapsed=1496.0s ETA=16min -0.4%
[497/822] 5,960,000,000,000,000,000-5,970,000,000,000,000,000 | 15.6s | found=0 total=0 | elapsed=1512.0s ETA=16min -0.3%
[498/822] 5,970,000,000,000,000,000-5,980,000,000,000,000,000 | 15.6s | found=0 total=0 | elapsed=1527.0s ETA=17min -0.1%
[499/822] 5,980,000,000,000,000,000-5,990,000,000,000,000,000 | 15.8s | found=0 total=0 | elapsed=1543.0s ETA=17min -0.0%
[500/822] 5,990,000,000,000,000,000-6,000,000,000,000,000,000 | 15.6s | found=0 total=0 | elapsed=1559.0s ETA=17min 0.1%
[501/822] 6,000,000,000,000,000,000-6,010,000,000,000,000,000 | 15.6s | found=0 total=0 | elapsed=1574.0s ETA=17min 0.2%
[502/822] 6,010,000,000,000,000,000-6,020,000,000,000,000,000 | 15.8s | found=0 total=0 | elapsed=1590.0s ETA=17min 0.4%
[503/822] 6,020,000,000,000,000,000-6,030,000,000,000,000,000 | 15.9s | found=0 total=0 | elapsed=1606.0s ETA=17min 0.5%
[504/822] 6,030,000,000,000,000,000-6,040,000,000,000,000,000 | 15.7s | found=0 total=0 | elapsed=1622.0s ETA=17min 0.6%
[505/822] 6,040,000,000,000,000,000-6,050,000,000,000,000,000 | 15.7s | found=0 total=0 | elapsed=1638.0s ETA=17min 0.7%
[506/822] 6,050,000,000,000,000,000-6,060,000,000,000,000,000 | 15.7s | found=0 total=0 | elapsed=1653.0s ETA=17min 0.8%
[507/822] 6,060,000,000,000,000,000-6,070,000,000,000,000,000 | 15.6s | found=0 total=0 | elapsed=1669.0s ETA=17min 1.0%
[508/822] 6,070,000,000,000,000,000-6,080,000,000,000,000,000 | 15.7s | found=0 total=0 | elapsed=1685.0s ETA=17min 1.1%
[509/822] 6,080,000,000,000,000,000-6,090,000,000,000,000,000 | 15.8s | found=0 total=0 | elapsed=1700.0s ETA=17min -1.0%
[510/822] 6,090,000,000,000,000,000-6,100,000,000,000,000,000 | 16.2s | found=0 total=0 | elapsed=1717.0s ETA=18min -0.9%
[511/822] 6,100,000,000,000,000,000-6,110,000,000,000,000,000 | 15.9s | found=0 total=0 | elapsed=1733.0s ETA=18min -0.8%
[512/822] 6,110,000,000,000,000,000-6,120,000,000,000,000,000 | 15.6s | found=0 total=0 | elapsed=1748.0s ETA=18min -0.7%
[513/822] 6,120,000,000,000,000,000-6,130,000,000,000,000,000 | 15.5s | found=0 total=0 | elapsed=1764.0s ETA=18min -0.5%
[514/822] 6,130,000,000,000,000,000-6,140,000,000,000,000,000 | 15.5s | found=0 total=0 | elapsed=1779.0s ETA=18min -0.4%
[515/822] 6,140,000,000,000,000,000-6,150,000,000,000,000,000 | 15.6s | found=0 total=0 | elapsed=1795.0s ETA=18min -0.3%
[516/822] 6,150,000,000,000,000,000-6,160,000,000,000,000,000 | 15.7s | found=0 total=0 | elapsed=1811.0s ETA=18min -0.2%
[517/822] 6,160,000,000,000,000,000-6,170,000,000,000,000,000 | 15.9s | found=0 total=0 | elapsed=1826.0s ETA=18min -0.1%
[518/822] 6,170,000,000,000,000,000-6,180,000,000,000,000,000 | 15.7s | found=0 total=0 | elapsed=1842.0s ETA=18min 0.1%
[519/822] 6,180,000,000,000,000,000-6,190,000,000,000,000,000 | 15.7s | found=0 total=0 | elapsed=1858.0s ETA=18min 0.2%
[520/822] 6,190,000,000,000,000,000-6,200,000,000,000,000,000 | 15.8s | found=0 total=0 | elapsed=1874.0s ETA=18min 0.3%
[521/822] 6,200,000,000,000,000,000-6,210,000,000,000,000,000 | 15.6s | found=0 total=0 | elapsed=1889.0s ETA=18min 0.4%
[522/822] 6,210,000,000,000,000,000-6,220,000,000,000,000,000 | 15.6s | found=0 total=0 | elapsed=1905.0s ETA=18min 0.5%
[523/822] 6,220,000,000,000,000,000-6,230,000,000,000,000,000 | 15.7s | found=0 total=0 | elapsed=1921.0s ETA=18min 0.7%
[524/822] 6,230,000,000,000,000,000-6,240,000,000,000,000,000 | 15.8s | found=0 total=0 | elapsed=1936.0s ETA=18min 0.8%
[525/822] 6,240,000,000,000,000,000-6,250,000,000,000,000,000 | 15.6s | found=0 total=0 | elapsed=1952.0s ETA=18min 0.9%
[526/822] 6,250,000,000,000,000,000-6,260,000,000,000,000,000 | 15.7s | found=0 total=0 | elapsed=1968.0s ETA=18min 1.0%
[527/822] 6,260,000,000,000,000,000-6,270,000,000,000,000,000 | 15.9s | found=0 total=0 | elapsed=1984.0s ETA=19min -1.1%
[528/822] 6,270,000,000,000,000,000-6,280,000,000,000,000,000 | 15.7s | found=0 total=0 | elapsed=1999.0s ETA=19min -1.0%
[529/822] 6,280,000,000,000,000,000-6,290,000,000,000,000,000 | 15.5s | found=0 total=0 | elapsed=2015.0s ETA=19min -0.8%
[530/822] 6,290,000,000,000,000,000-6,300,000,000,000,000,000 | 15.7s | found=0 total=0 | elapsed=2031.0s ETA=19min -0.7%
[531/822] 6,300,000,000,000,000,000-6,310,000,000,000,000,000 | 15.6s | found=0 total=0 | elapsed=2046.0s ETA=19min -0.6%
[532/822] 6,310,000,000,000,000,000-6,320,000,000,000,000,000 | 15.5s | found=0 total=0 | elapsed=2062.0s ETA=19min -0.5%
[533/822] 6,320,000,000,000,000,000-6,330,000,000,000,000,000 | 15.6s | found=0 total=0 | elapsed=2077.0s ETA=19min -0.4%
[534/822] 6,330,000,000,000,000,000-6,340,000,000,000,000,000 | 15.5s | found=0 total=0 | elapsed=2093.0s ETA=19min -0.2%
[535/822] 6,340,000,000,000,000,000-6,350,000,000,000,000,000 | 15.5s | found=0 total=0 | elapsed=2108.0s ETA=19min -0.1%
[536/822] 6,350,000,000,000,000,000-6,360,000,000,000,000,000 | 15.5s | found=0 total=0 | elapsed=2124.0s ETA=19min 0.0%
[537/822] 6,360,000,000,000,000,000-6,370,000,000,000,000,000 | 15.5s | found=0 total=0 | elapsed=2139.0s ETA=19min 0.1%
[538/822] 6,370,000,000,000,000,000-6,380,000,000,000,000,000 | 15.5s | found=0 total=0 | elapsed=2155.0s ETA=19min 0.2%
[539/822] 6,380,000,000,000,000,000-6,390,000,000,000,000,000 | 15.5s | found=0 total=0 | elapsed=2170.0s ETA=19min 0.4%
[540/822] 6,390,000,000,000,000,000-6,400,000,000,000,000,000 | 15.5s | found=0 total=0 | elapsed=2186.0s ETA=19min 0.5%
[541/822] 6,400,000,000,000,000,000-6,410,000,000,000,000,000 | 15.5s | found=0 total=0 | elapsed=2201.0s ETA=19min 0.6%
[542/822] 6,410,000,000,000,000,000-6,420,000,000,000,000,000 | 15.5s | found=0 total=0 | elapsed=2217.0s ETA=19min 0.7%
[543/822] 6,420,000,000,000,000,000-6,430,000,000,000,000,000 | 15.5s | found=0 total=0 | elapsed=2233.0s ETA=19min 0.9%
[544/822] 6,430,000,000,000,000,000-6,440,000,000,000,000,000 | 15.5s | found=0 total=0 | elapsed=2248.0s ETA=19min 1.0%
[545/822] 6,440,000,000,000,000,000-6,450,000,000,000,000,000 | 15.6s | found=0 total=0 | elapsed=2264.0s ETA=19min 1.1%
[546/822] 6,450,000,000,000,000,000-6,460,000,000,000,000,000 | 15.5s | found=0 total=0 | elapsed=2279.0s ETA=19min -1.0%
[547/822] 6,460,000,000,000,000,000-6,470,000,000,000,000,000 | 15.7s | found=0 total=0 | elapsed=2295.0s ETA=19min -0.9%
[548/822] 6,470,000,000,000,000,000-6,480,000,000,000,000,000 | 15.7s | found=0 total=0 | elapsed=2311.0s ETA=19min -0.8%
[549/822] 6,480,000,000,000,000,000-6,490,000,000,000,000,000 | 15.6s | found=0 total=0 | elapsed=2326.0s ETA=19min -0.7%
[550/822] 6,490,000,000,000,000,000-6,500,000,000,000,000,000 | 15.6s | found=0 total=0 | elapsed=2342.0s ETA=19min -0.5%
[551/822] 6,500,000,000,000,000,000-6,510,000,000,000,000,000 | 15.6s | found=0 total=0 | elapsed=2357.0s ETA=19min -0.4%
[552/822] 6,510,000,000,000,000,000-6,520,000,000,000,000,000 | 15.5s | found=0 total=0 | elapsed=2373.0s ETA=19min -0.3%
[553/822] 6,520,000,000,000,000,000-6,530,000,000,000,000,000 | 15.5s | found=0 total=0 | elapsed=2388.0s ETA=19min -0.2%
[554/822] 6,530,000,000,000,000,000-6,540,000,000,000,000,000 | 15.6s | found=0 total=0 | elapsed=2404.0s ETA=19min -0.0%
[555/822] 6,540,000,000,000,000,000-6,550,000,000,000,000,000 | 15.6s | found=0 total=0 | elapsed=2420.0s ETA=19min 0.1%
[556/822] 6,550,000,000,000,000,000-6,560,000,000,000,000,000 | 15.6s | found=0 total=0 | elapsed=2435.0s ETA=19min 0.2%
[557/822] 6,560,000,000,000,000,000-6,570,000,000,000,000,000 | 15.6s | found=0 total=0 | elapsed=2451.0s ETA=19min 0.3%
[558/822] 6,570,000,000,000,000,000-6,580,000,000,000,000,000 | 15.6s | found=0 total=0 | elapsed=2466.0s ETA=19min 0.4%
[559/822] 6,580,000,000,000,000,000-6,590,000,000,000,000,000 | 15.5s | found=0 total=0 | elapsed=2482.0s ETA=19min 0.6%
[560/822] 6,590,000,000,000,000,000-6,600,000,000,000,000,000 | 15.8s | found=0 total=0 | elapsed=2498.0s ETA=19min 0.7%
[561/822] 6,600,000,000,000,000,000-6,610,000,000,000,000,000 | 16.0s | found=0 total=0 | elapsed=2514.0s ETA=19min 0.8%
[562/822] 6,610,000,000,000,000,000-6,620,000,000,000,000,000 | 16.8s | found=0 total=0 | elapsed=2530.0s ETA=20min 0.9%
[563/822] 6,620,000,000,000,000,000-6,630,000,000,000,000,000 | 16.7s | found=0 total=0 | elapsed=2547.0s ETA=20min 1.0%
[564/822] 6,630,000,000,000,000,000-6,640,000,000,000,000,000 | 16.7s | found=0 total=0 | elapsed=2564.0s ETA=20min -1.1%
[565/822] 6,640,000,000,000,000,000-6,650,000,000,000,000,000 | 16.9s | found=0 total=0 | elapsed=2581.0s ETA=20min -1.0%
[566/822] 6,650,000,000,000,000,000-6,660,000,000,000,000,000 | 16.8s | found=0 total=0 | elapsed=2597.0s ETA=20min -0.8%
[567/822] 6,660,000,000,000,000,000-6,670,000,000,000,000,000 | 16.7s | found=0 total=0 | elapsed=2614.0s ETA=20min -0.7%
[568/822] 6,670,000,000,000,000,000-6,680,000,000,000,000,000 | 16.7s | found=0 total=0 | elapsed=2631.0s ETA=20min -0.6%
[569/822] 6,680,000,000,000,000,000-6,690,000,000,000,000,000 | 16.8s | found=0 total=0 | elapsed=2648.0s ETA=20min -0.5%
[570/822] 6,690,000,000,000,000,000-6,700,000,000,000,000,000 | 16.8s | found=0 total=0 | elapsed=2664.0s ETA=20min -0.3%
[571/822] 6,700,000,000,000,000,000-6,710,000,000,000,000,000 | 16.7s | found=0 total=0 | elapsed=2681.0s ETA=20min -0.2%
[572/822] 6,710,000,000,000,000,000-6,720,000,000,000,000,000 | 16.6s | found=0 total=0 | elapsed=2698.0s ETA=20min -0.1%
[573/822] 6,720,000,000,000,000,000-6,730,000,000,000,000,000 | 16.7s | found=0 total=0 | elapsed=2714.0s ETA=20min 0.0%
[574/822] 6,730,000,000,000,000,000-6,740,000,000,000,000,000 | 16.4s | found=0 total=0 | elapsed=2731.0s ETA=20min 0.1%
[575/822] 6,740,000,000,000,000,000-6,750,000,000,000,000,000 | 16.4s | found=0 total=0 | elapsed=2747.0s ETA=20min 0.3%
[576/822] 6,750,000,000,000,000,000-6,760,000,000,000,000,000 | 16.5s | found=0 total=0 | elapsed=2764.0s ETA=20min 0.4%
[577/822] 6,760,000,000,000,000,000-6,770,000,000,000,000,000 | 16.3s | found=0 total=0 | elapsed=2780.0s ETA=20min 0.5%
[578/822] 6,770,000,000,000,000,000-6,780,000,000,000,000,000 | 16.7s | found=0 total=0 | elapsed=2797.0s ETA=20min 0.6%
[579/822] 6,780,000,000,000,000,000-6,790,000,000,000,000,000 | 16.8s | found=0 total=0 | elapsed=2813.0s ETA=20min 0.7%
[580/822] 6,790,000,000,000,000,000-6,800,000,000,000,000,000 | 16.8s | found=0 total=0 | elapsed=2830.0s ETA=20min 0.9%
[581/822] 6,800,000,000,000,000,000-6,810,000,000,000,000,000 | 16.8s | found=0 total=0 | elapsed=2847.0s ETA=20min 1.0%
[582/822] 6,810,000,000,000,000,000-6,820,000,000,000,000,000 | 16.6s | found=0 total=0 | elapsed=2864.0s ETA=20min 1.1%
[583/822] 6,820,000,000,000,000,000-6,830,000,000,000,000,000 | 15.6s | found=0 total=0 | elapsed=2879.0s ETA=20min -1.0%
[584/822] 6,830,000,000,000,000,000-6,840,000,000,000,000,000 | 15.7s | found=0 total=0 | elapsed=2895.0s ETA=20min -0.9%
[585/822] 6,840,000,000,000,000,000-6,850,000,000,000,000,000 | 16.3s | found=0 total=0 | elapsed=2911.0s ETA=20min -0.8%
[586/822] 6,850,000,000,000,000,000-6,860,000,000,000,000,000 | 16.4s | found=0 total=0 | elapsed=2928.0s ETA=20min -0.6%
[587/822] 6,860,000,000,000,000,000-6,870,000,000,000,000,000 | 16.0s | found=0 total=0 | elapsed=2944.0s ETA=20min -0.5%
[588/822] 6,870,000,000,000,000,000-6,880,000,000,000,000,000 | 16.0s | found=0 total=0 | elapsed=2960.0s ETA=20min -0.4%
[589/822] 6,880,000,000,000,000,000-6,890,000,000,000,000,000 | 16.0s | found=0 total=0 | elapsed=2976.0s ETA=20min -0.3%
[590/822] 6,890,000,000,000,000,000-6,900,000,000,000,000,000 | 16.0s | found=0 total=0 | elapsed=2992.0s ETA=20min -0.2%
[591/822] 6,900,000,000,000,000,000-6,910,000,000,000,000,000 | 16.0s | found=0 total=0 | elapsed=3008.0s ETA=20min -0.0%
[592/822] 6,910,000,000,000,000,000-6,920,000,000,000,000,000 | 16.0s | found=0 total=0 | elapsed=3024.0s ETA=20min 0.1%
[593/822] 6,920,000,000,000,000,000-6,930,000,000,000,000,000 | 16.0s | found=0 total=0 | elapsed=3040.0s ETA=20min 0.2%
[594/822] 6,930,000,000,000,000,000-6,940,000,000,000,000,000 | 16.3s | found=0 total=0 | elapsed=3056.0s ETA=20min 0.3%
[595/822] 6,940,000,000,000,000,000-6,950,000,000,000,000,000 | 15.9s | found=0 total=0 | elapsed=3072.0s ETA=20min 0.5%
[596/822] 6,950,000,000,000,000,000-6,960,000,000,000,000,000 | 15.9s | found=0 total=0 | elapsed=3088.0s ETA=20min 0.6%
[597/822] 6,960,000,000,000,000,000-6,970,000,000,000,000,000 | 16.0s | found=0 total=0 | elapsed=3104.0s ETA=19min 0.7%
[598/822] 6,970,000,000,000,000,000-6,980,000,000,000,000,000 | 16.0s | found=0 total=0 | elapsed=3120.0s ETA=19min 0.8%
[599/822] 6,980,000,000,000,000,000-6,990,000,000,000,000,000 | 15.9s | found=0 total=0 | elapsed=3136.0s ETA=19min 0.9%
[600/822] 6,990,000,000,000,000,000-7,000,000,000,000,000,000 | 16.0s | found=0 total=0 | elapsed=3152.0s ETA=19min 1.1%
[601/822] 7,000,000,000,000,000,000-7,010,000,000,000,000,000 | 15.9s | found=0 total=0 | elapsed=3167.0s ETA=19min -1.1%
[602/822] 7,010,000,000,000,000,000-7,020,000,000,000,000,000 | 16.0s | found=0 total=0 | elapsed=3183.0s ETA=19min -0.9%
[603/822] 7,020,000,000,000,000,000-7,030,000,000,000,000,000 | 16.0s | found=0 total=0 | elapsed=3199.0s ETA=19min -0.8%
[604/822] 7,030,000,000,000,000,000-7,040,000,000,000,000,000 | 16.0s | found=0 total=0 | elapsed=3215.0s ETA=19min -0.7%
[605/822] 7,040,000,000,000,000,000-7,050,000,000,000,000,000 | 16.2s | found=0 total=0 | elapsed=3232.0s ETA=19min -0.6%
[606/822] 7,050,000,000,000,000,000-7,060,000,000,000,000,000 | 16.2s | found=0 total=0 | elapsed=3248.0s ETA=19min -0.5%
[607/822] 7,060,000,000,000,000,000-7,070,000,000,000,000,000 | 16.0s | found=0 total=0 | elapsed=3264.0s ETA=19min -0.3%
[608/822] 7,070,000,000,000,000,000-7,080,000,000,000,000,000 | 16.0s | found=0 total=0 | elapsed=3280.0s ETA=19min -0.2%
[609/822] 7,080,000,000,000,000,000-7,090,000,000,000,000,000 | 15.9s | found=0 total=0 | elapsed=3296.0s ETA=19min -0.1%
[610/822] 7,090,000,000,000,000,000-7,100,000,000,000,000,000 | 15.8s | found=0 total=0 | elapsed=3311.0s ETA=19min 0.0%
[611/822] 7,100,000,000,000,000,000-7,110,000,000,000,000,000 | 15.9s | found=0 total=0 | elapsed=3327.0s ETA=19min 0.2%
[612/822] 7,110,000,000,000,000,000-7,120,000,000,000,000,000 | 15.8s | found=0 total=0 | elapsed=3343.0s ETA=19min 0.3%
[613/822] 7,120,000,000,000,000,000-7,130,000,000,000,000,000 | 16.0s | found=0 total=0 | elapsed=3359.0s ETA=19min 0.4%
[614/822] 7,130,000,000,000,000,000-7,140,000,000,000,000,000 | 15.6s | found=0 total=0 | elapsed=3375.0s ETA=19min 0.5%
[615/822] 7,140,000,000,000,000,000-7,150,000,000,000,000,000 | 15.7s | found=0 total=0 | elapsed=3390.0s ETA=19min 0.6%
[616/822] 7,150,000,000,000,000,000-7,160,000,000,000,000,000 | 15.6s | found=0 total=0 | elapsed=3406.0s ETA=19min 0.8%
[617/822] 7,160,000,000,000,000,000-7,170,000,000,000,000,000 | 15.5s | found=0 total=0 | elapsed=3422.0s ETA=19min 0.9%
[618/822] 7,170,000,000,000,000,000-7,180,000,000,000,000,000 | 15.5s | found=0 total=0 | elapsed=3437.0s ETA=19min 1.0%
[619/822] 7,180,000,000,000,000,000-7,190,000,000,000,000,000 | 15.6s | found=0 total=0 | elapsed=3453.0s ETA=19min -1.1%
[620/822] 7,190,000,000,000,000,000-7,200,000,000,000,000,000 | 15.5s | found=0 total=0 | elapsed=3468.0s ETA=19min -1.0%
[621/822] 7,200,000,000,000,000,000-7,210,000,000,000,000,000 | 15.5s | found=0 total=0 | elapsed=3484.0s ETA=19min -0.9%
[622/822] 7,210,000,000,000,000,000-7,220,000,000,000,000,000 | 15.7s | found=0 total=0 | elapsed=3499.0s ETA=19min -0.8%
[623/822] 7,220,000,000,000,000,000-7,230,000,000,000,000,000 | 15.5s | found=0 total=0 | elapsed=3515.0s ETA=19min -0.6%
[624/822] 7,230,000,000,000,000,000-7,240,000,000,000,000,000 | 15.5s | found=0 total=0 | elapsed=3530.0s ETA=19min -0.5%
[625/822] 7,240,000,000,000,000,000-7,250,000,000,000,000,000 | 15.5s | found=0 total=0 | elapsed=3546.0s ETA=19min -0.4%
[626/822] 7,250,000,000,000,000,000-7,260,000,000,000,000,000 | 15.5s | found=0 total=0 | elapsed=3561.0s ETA=19min -0.3%
[627/822] 7,260,000,000,000,000,000-7,270,000,000,000,000,000 | 15.5s | found=0 total=0 | elapsed=3577.0s ETA=19min -0.1%
[628/822] 7,270,000,000,000,000,000-7,280,000,000,000,000,000 | 15.5s | found=0 total=0 | elapsed=3592.0s ETA=18min -0.0%
[629/822] 7,280,000,000,000,000,000-7,290,000,000,000,000,000 | 15.5s | found=0 total=0 | elapsed=3608.0s ETA=18min 0.1%
[630/822] 7,290,000,000,000,000,000-7,300,000,000,000,000,000 | 15.5s | found=0 total=0 | elapsed=3623.0s ETA=18min 0.2%
[631/822] 7,300,000,000,000,000,000-7,310,000,000,000,000,000 | 15.5s | found=0 total=0 | elapsed=3639.0s ETA=18min 0.3%
[632/822] 7,310,000,000,000,000,000-7,320,000,000,000,000,000 | 15.5s | found=0 total=0 | elapsed=3654.0s ETA=18min 0.5%
[633/822] 7,320,000,000,000,000,000-7,330,000,000,000,000,000 | 15.5s | found=0 total=0 | elapsed=3670.0s ETA=18min 0.6%
[634/822] 7,330,000,000,000,000,000-7,340,000,000,000,000,000 | 15.5s | found=0 total=0 | elapsed=3685.0s ETA=18min 0.7%
[635/822] 7,340,000,000,000,000,000-7,350,000,000,000,000,000 | 15.5s | found=0 total=0 | elapsed=3701.0s ETA=18min 0.8%
[636/822] 7,350,000,000,000,000,000-7,360,000,000,000,000,000 | 15.5s | found=0 total=0 | elapsed=3716.0s ETA=18min 1.0%
[637/822] 7,360,000,000,000,000,000-7,370,000,000,000,000,000 | 15.5s | found=0 total=0 | elapsed=3732.0s ETA=18min 1.1%
[638/822] 7,370,000,000,000,000,000-7,380,000,000,000,000,000 | 15.5s | found=0 total=0 | elapsed=3747.0s ETA=18min -1.1%
[639/822] 7,380,000,000,000,000,000-7,390,000,000,000,000,000 | 15.5s | found=0 total=0 | elapsed=3763.0s ETA=18min -0.9%
[640/822] 7,390,000,000,000,000,000-7,400,000,000,000,000,000 | 15.5s | found=0 total=0 | elapsed=3779.0s ETA=18min -0.8%
[641/822] 7,400,000,000,000,000,000-7,410,000,000,000,000,000 | 15.5s | found=0 total=0 | elapsed=3794.0s ETA=18min -0.7%
[642/822] 7,410,000,000,000,000,000-7,420,000,000,000,000,000 | 15.5s | found=0 total=0 | elapsed=3810.0s ETA=18min -0.6%
[643/822] 7,420,000,000,000,000,000-7,430,000,000,000,000,000 | 15.5s | found=0 total=0 | elapsed=3825.0s ETA=18min -0.4%
[644/822] 7,430,000,000,000,000,000-7,440,000,000,000,000,000 | 15.5s | found=0 total=0 | elapsed=3841.0s ETA=18min -0.3%
[645/822] 7,440,000,000,000,000,000-7,450,000,000,000,000,000 | 15.5s | found=0 total=0 | elapsed=3856.0s ETA=18min -0.2%
[646/822] 7,450,000,000,000,000,000-7,460,000,000,000,000,000 | 15.5s | found=0 total=0 | elapsed=3872.0s ETA=18min -0.1%
[647/822] 7,460,000,000,000,000,000-7,470,000,000,000,000,000 | 15.6s | found=0 total=0 | elapsed=3887.0s ETA=18min 0.0%
[648/822] 7,470,000,000,000,000,000-7,480,000,000,000,000,000 | 15.5s | found=0 total=0 | elapsed=3903.0s ETA=17min 0.2%
[649/822] 7,480,000,000,000,000,000-7,490,000,000,000,000,000 | 15.6s | found=0 total=0 | elapsed=3918.0s ETA=17min 0.3%
[650/822] 7,490,000,000,000,000,000-7,500,000,000,000,000,000 | 15.5s | found=0 total=0 | elapsed=3934.0s ETA=17min 0.4%
[651/822] 7,500,000,000,000,000,000-7,510,000,000,000,000,000 | 15.5s | found=0 total=0 | elapsed=3949.0s ETA=17min 0.5%
[652/822] 7,510,000,000,000,000,000-7,520,000,000,000,000,000 | 15.5s | found=0 total=0 | elapsed=3965.0s ETA=17min 0.7%
[653/822] 7,520,000,000,000,000,000-7,530,000,000,000,000,000 | 15.5s | found=0 total=0 | elapsed=3980.0s ETA=17min 0.8%
[654/822] 7,530,000,000,000,000,000-7,540,000,000,000,000,000 | 15.5s | found=0 total=0 | elapsed=3996.0s ETA=17min 0.9%
[655/822] 7,540,000,000,000,000,000-7,550,000,000,000,000,000 | 15.5s | found=0 total=0 | elapsed=4011.0s ETA=17min 1.0%
[656/822] 7,550,000,000,000,000,000-7,560,000,000,000,000,000 | 15.5s | found=0 total=0 | elapsed=4027.0s ETA=17min -1.1%
[657/822] 7,560,000,000,000,000,000-7,570,000,000,000,000,000 | 15.5s | found=0 total=0 | elapsed=4042.0s ETA=17min -1.0%
[658/822] 7,570,000,000,000,000,000-7,580,000,000,000,000,000 | 15.5s | found=0 total=0 | elapsed=4058.0s ETA=17min -0.9%
[659/822] 7,580,000,000,000,000,000-7,590,000,000,000,000,000 | 15.5s | found=0 total=0 | elapsed=4073.0s ETA=17min -0.7%
[660/822] 7,590,000,000,000,000,000-7,600,000,000,000,000,000 | 15.5s | found=0 total=0 | elapsed=4089.0s ETA=17min -0.6%
[661/822] 7,600,000,000,000,000,000-7,610,000,000,000,000,000 | 15.5s | found=0 total=0 | elapsed=4104.0s ETA=17min -0.5%
[662/822] 7,610,000,000,000,000,000-7,620,000,000,000,000,000 | 15.5s | found=0 total=0 | elapsed=4120.0s ETA=17min -0.4%
[663/822] 7,620,000,000,000,000,000-7,630,000,000,000,000,000 | 15.5s | found=0 total=0 | elapsed=4135.0s ETA=17min -0.3%
[664/822] 7,630,000,000,000,000,000-7,640,000,000,000,000,000 | 15.5s | found=0 total=0 | elapsed=4151.0s ETA=16min -0.1%
[665/822] 7,640,000,000,000,000,000-7,650,000,000,000,000,000 | 15.5s | found=0 total=0 | elapsed=4166.0s ETA=16min -0.0%
[666/822] 7,650,000,000,000,000,000-7,660,000,000,000,000,000 | 15.5s | found=0 total=0 | elapsed=4182.0s ETA=16min 0.1%
[667/822] 7,660,000,000,000,000,000-7,670,000,000,000,000,000 | 15.5s | found=0 total=0 | elapsed=4197.0s ETA=16min 0.2%
[668/822] 7,670,000,000,000,000,000-7,680,000,000,000,000,000 | 15.5s | found=0 total=0 | elapsed=4213.0s ETA=16min 0.4%
[669/822] 7,680,000,000,000,000,000-7,690,000,000,000,000,000 | 15.5s | found=0 total=0 | elapsed=4228.0s ETA=16min 0.5%
[670/822] 7,690,000,000,000,000,000-7,700,000,000,000,000,000 | 15.5s | found=0 total=0 | elapsed=4244.0s ETA=16min 0.6%
[671/822] 7,700,000,000,000,000,000-7,710,000,000,000,000,000 | 15.5s | found=0 total=0 | elapsed=4259.0s ETA=16min 0.7%
[672/822] 7,710,000,000,000,000,000-7,720,000,000,000,000,000 | 15.5s | found=0 total=0 | elapsed=4275.0s ETA=16min 0.8%
[673/822] 7,720,000,000,000,000,000-7,730,000,000,000,000,000 | 15.5s | found=0 total=0 | elapsed=4290.0s ETA=16min 1.0%
[674/822] 7,730,000,000,000,000,000-7,740,000,000,000,000,000 | 15.5s | found=0 total=0 | elapsed=4306.0s ETA=16min 1.1%
[675/822] 7,740,000,000,000,000,000-7,750,000,000,000,000,000 | 15.5s | found=0 total=0 | elapsed=4322.0s ETA=16min -1.0%
[676/822] 7,750,000,000,000,000,000-7,760,000,000,000,000,000 | 15.5s | found=0 total=0 | elapsed=4337.0s ETA=16min -0.9%
[677/822] 7,760,000,000,000,000,000-7,770,000,000,000,000,000 | 15.6s | found=0 total=0 | elapsed=4353.0s ETA=16min -0.8%
[678/822] 7,770,000,000,000,000,000-7,780,000,000,000,000,000 | 15.5s | found=0 total=0 | elapsed=4368.0s ETA=15min -0.7%
[679/822] 7,780,000,000,000,000,000-7,790,000,000,000,000,000 | 15.5s | found=0 total=0 | elapsed=4384.0s ETA=15min -0.6%
[680/822] 7,790,000,000,000,000,000-7,800,000,000,000,000,000 | 15.6s | found=0 total=0 | elapsed=4399.0s ETA=15min -0.4%
[681/822] 7,800,000,000,000,000,000-7,810,000,000,000,000,000 | 15.5s | found=0 total=0 | elapsed=4415.0s ETA=15min -0.3%
[682/822] 7,810,000,000,000,000,000-7,820,000,000,000,000,000 | 15.5s | found=0 total=0 | elapsed=4430.0s ETA=15min -0.2%
[683/822] 7,820,000,000,000,000,000-7,830,000,000,000,000,000 | 15.5s | found=0 total=0 | elapsed=4446.0s ETA=15min -0.1%
[684/822] 7,830,000,000,000,000,000-7,840,000,000,000,000,000 | 15.5s | found=0 total=0 | elapsed=4461.0s ETA=15min 0.1%
[685/822] 7,840,000,000,000,000,000-7,850,000,000,000,000,000 | 15.5s | found=0 total=0 | elapsed=4477.0s ETA=15min 0.2%
[686/822] 7,850,000,000,000,000,000-7,860,000,000,000,000,000 | 15.5s | found=0 total=0 | elapsed=4492.0s ETA=15min 0.3%
[687/822] 7,860,000,000,000,000,000-7,870,000,000,000,000,000 | 15.6s | found=0 total=0 | elapsed=4508.0s ETA=15min 0.4%
[688/822] 7,870,000,000,000,000,000-7,880,000,000,000,000,000 | 15.5s | found=0 total=0 | elapsed=4524.0s ETA=15min 0.5%
[689/822] 7,880,000,000,000,000,000-7,890,000,000,000,000,000 | 15.5s | found=0 total=0 | elapsed=4539.0s ETA=15min 0.7%
[690/822] 7,890,000,000,000,000,000-7,900,000,000,000,000,000 | 15.5s | found=0 total=0 | elapsed=4555.0s ETA=15min 0.8%
[691/822] 7,900,000,000,000,000,000-7,910,000,000,000,000,000 | 15.5s | found=0 total=0 | elapsed=4570.0s ETA=14min 0.9%
[692/822] 7,910,000,000,000,000,000-7,920,000,000,000,000,000 | 15.5s | found=0 total=0 | elapsed=4586.0s ETA=14min 1.0%
[693/822] 7,920,000,000,000,000,000-7,930,000,000,000,000,000 | 15.5s | found=0 total=0 | elapsed=4601.0s ETA=14min -1.1%
[694/822] 7,930,000,000,000,000,000-7,940,000,000,000,000,000 | 15.5s | found=0 total=0 | elapsed=4617.0s ETA=14min -1.0%
[695/822] 7,940,000,000,000,000,000-7,950,000,000,000,000,000 | 15.5s | found=0 total=0 | elapsed=4632.0s ETA=14min -0.8%
[696/822] 7,950,000,000,000,000,000-7,960,000,000,000,000,000 | 15.5s | found=0 total=0 | elapsed=4648.0s ETA=14min -0.7%
[697/822] 7,960,000,000,000,000,000-7,970,000,000,000,000,000 | 15.5s | found=0 total=0 | elapsed=4663.0s ETA=14min -0.6%
[698/822] 7,970,000,000,000,000,000-7,980,000,000,000,000,000 | 15.5s | found=0 total=0 | elapsed=4679.0s ETA=14min -0.5%
[699/822] 7,980,000,000,000,000,000-7,990,000,000,000,000,000 | 15.5s | found=0 total=0 | elapsed=4694.0s ETA=14min -0.4%
[700/822] 7,990,000,000,000,000,000-8,000,000,000,000,000,000 | 15.5s | found=0 total=0 | elapsed=4710.0s ETA=14min -0.2%
[701/822] 8,000,000,000,000,000,000-8,010,000,000,000,000,000 | 15.5s | found=0 total=0 | elapsed=4725.0s ETA=14min -0.1%
[702/822] 8,010,000,000,000,000,000-8,020,000,000,000,000,000 | 15.5s | found=0 total=0 | elapsed=4741.0s ETA=14min 0.0%
[703/822] 8,020,000,000,000,000,000-8,030,000,000,000,000,000 | 15.6s | found=0 total=0 | elapsed=4756.0s ETA=13min 0.1%
[704/822] 8,030,000,000,000,000,000-8,040,000,000,000,000,000 | 15.5s | found=0 total=0 | elapsed=4772.0s ETA=13min 0.2%
[705/822] 8,040,000,000,000,000,000-8,050,000,000,000,000,000 | 15.6s | found=0 total=0 | elapsed=4788.0s ETA=13min 0.4%
[706/822] 8,050,000,000,000,000,000-8,060,000,000,000,000,000 | 15.5s | found=0 total=0 | elapsed=4803.0s ETA=13min 0.5%
[707/822] 8,060,000,000,000,000,000-8,070,000,000,000,000,000 | 15.6s | found=0 total=0 | elapsed=4819.0s ETA=13min 0.6%
[708/822] 8,070,000,000,000,000,000-8,080,000,000,000,000,000 | 15.5s | found=0 total=0 | elapsed=4834.0s ETA=13min 0.7%
[709/822] 8,080,000,000,000,000,000-8,090,000,000,000,000,000 | 15.5s | found=0 total=0 | elapsed=4850.0s ETA=13min 0.9%
[710/822] 8,090,000,000,000,000,000-8,100,000,000,000,000,000 | 15.5s | found=0 total=0 | elapsed=4865.0s ETA=13min 1.0%
[711/822] 8,100,000,000,000,000,000-8,110,000,000,000,000,000 | 15.5s | found=0 total=0 | elapsed=4881.0s ETA=13min 1.1%
[712/822] 8,110,000,000,000,000,000-8,120,000,000,000,000,000 | 15.5s | found=0 total=0 | elapsed=4896.0s ETA=13min -1.0%
[713/822] 8,120,000,000,000,000,000-8,130,000,000,000,000,000 | 15.5s | found=0 total=0 | elapsed=4912.0s ETA=13min -0.9%
[714/822] 8,130,000,000,000,000,000-8,140,000,000,000,000,000 | 15.5s | found=0 total=0 | elapsed=4927.0s ETA=12min -0.8%
[715/822] 8,140,000,000,000,000,000-8,150,000,000,000,000,000 | 15.5s | found=0 total=0 | elapsed=4943.0s ETA=12min -0.7%
[716/822] 8,150,000,000,000,000,000-8,160,000,000,000,000,000 | 15.5s | found=0 total=0 | elapsed=4958.0s ETA=12min -0.5%
[717/822] 8,160,000,000,000,000,000-8,170,000,000,000,000,000 | 15.5s | found=0 total=0 | elapsed=4974.0s ETA=12min -0.4%
[718/822] 8,170,000,000,000,000,000-8,180,000,000,000,000,000 | 15.5s | found=0 total=0 | elapsed=4989.0s ETA=12min -0.3%
[719/822] 8,180,000,000,000,000,000-8,190,000,000,000,000,000 | 15.5s | found=0 total=0 | elapsed=5005.0s ETA=12min -0.2%
[720/822] 8,190,000,000,000,000,000-8,200,000,000,000,000,000 | 15.5s | found=0 total=0 | elapsed=5020.0s ETA=12min -0.1%
[721/822] 8,200,000,000,000,000,000-8,210,000,000,000,000,000 | 15.5s | found=0 total=0 | elapsed=5036.0s ETA=12min 0.1%
[722/822] 8,210,000,000,000,000,000-8,220,000,000,000,000,000 | 15.5s | found=0 total=0 | elapsed=5051.0s ETA=12min 0.2%
[723/822] 8,220,000,000,000,000,000-8,230,000,000,000,000,000 | 15.5s | found=0 total=0 | elapsed=5067.0s ETA=12min 0.3%
[724/822] 8,230,000,000,000,000,000-8,240,000,000,000,000,000 | 15.5s | found=0 total=0 | elapsed=5082.0s ETA=11min 0.4%
[725/822] 8,240,000,000,000,000,000-8,250,000,000,000,000,000 | 15.5s | found=0 total=0 | elapsed=5098.0s ETA=11min 0.6%
[726/822] 8,250,000,000,000,000,000-8,260,000,000,000,000,000 | 15.5s | found=0 total=0 | elapsed=5113.0s ETA=11min 0.7%
[727/822] 8,260,000,000,000,000,000-8,270,000,000,000,000,000 | 15.5s | found=0 total=0 | elapsed=5129.0s ETA=11min 0.8%
[728/822] 8,270,000,000,000,000,000-8,280,000,000,000,000,000 | 15.5s | found=0 total=0 | elapsed=5144.0s ETA=11min 0.9%
[729/822] 8,280,000,000,000,000,000-8,290,000,000,000,000,000 | 15.5s | found=0 total=0 | elapsed=5160.0s ETA=11min 1.0%
[730/822] 8,290,000,000,000,000,000-8,300,000,000,000,000,000 | 15.5s | found=0 total=0 | elapsed=5175.0s ETA=11min -1.1%
[731/822] 8,300,000,000,000,000,000-8,310,000,000,000,000,000 | 15.5s | found=0 total=0 | elapsed=5191.0s ETA=11min -1.0%
[732/822] 8,310,000,000,000,000,000-8,320,000,000,000,000,000 | 15.5s | found=0 total=0 | elapsed=5206.0s ETA=11min -0.8%
[733/822] 8,320,000,000,000,000,000-8,330,000,000,000,000,000 | 15.5s | found=0 total=0 | elapsed=5222.0s ETA=11min -0.7%
[734/822] 8,330,000,000,000,000,000-8,340,000,000,000,000,000 | 15.5s | found=0 total=0 | elapsed=5237.0s ETA=10min -0.6%
[735/822] 8,340,000,000,000,000,000-8,350,000,000,000,000,000 | 15.7s | found=0 total=0 | elapsed=5253.0s ETA=10min -0.5%
[736/822] 8,350,000,000,000,000,000-8,360,000,000,000,000,000 | 403.7s | found=0 total=0 | elapsed=5657.0s ETA=11min -0.3%
[737/822] 8,360,000,000,000,000,000-8,370,000,000,000,000,000 | 15.7s | found=0 total=0 | elapsed=5672.0s ETA=11min -0.2%
[738/822] 8,370,000,000,000,000,000-8,380,000,000,000,000,000 | 15.4s | found=0 total=0 | elapsed=5688.0s ETA=11min -0.1%
[739/822] 8,380,000,000,000,000,000-8,390,000,000,000,000,000 | 15.4s | found=0 total=0 | elapsed=5703.0s ETA=11min 0.0%
[740/822] 8,390,000,000,000,000,000-8,400,000,000,000,000,000 | 15.4s | found=0 total=0 | elapsed=5718.0s ETA=11min 0.1%
[741/822] 8,400,000,000,000,000,000-8,410,000,000,000,000,000 | 15.4s | found=0 total=0 | elapsed=5734.0s ETA=10min 0.3%
[742/822] 8,410,000,000,000,000,000-8,420,000,000,000,000,000 | 15.4s | found=0 total=0 | elapsed=5749.0s ETA=10min 0.4%
[743/822] 8,420,000,000,000,000,000-8,430,000,000,000,000,000 | 15.4s | found=0 total=0 | elapsed=5765.0s ETA=10min 0.5%
[744/822] 8,430,000,000,000,000,000-8,440,000,000,000,000,000 | 15.4s | found=0 total=0 | elapsed=5780.0s ETA=10min 0.6%
[745/822] 8,440,000,000,000,000,000-8,450,000,000,000,000,000 | 15.4s | found=0 total=0 | elapsed=5796.0s ETA=10min 0.7%
[746/822] 8,450,000,000,000,000,000-8,460,000,000,000,000,000 | 15.4s | found=0 total=0 | elapsed=5811.0s ETA=10min 0.9%
[747/822] 8,460,000,000,000,000,000-8,470,000,000,000,000,000 | 15.4s | found=0 total=0 | elapsed=5826.0s ETA=10min 1.0%
[748/822] 8,470,000,000,000,000,000-8,480,000,000,000,000,000 | 15.4s | found=0 total=0 | elapsed=5842.0s ETA=10min 1.1%
[749/822] 8,480,000,000,000,000,000-8,490,000,000,000,000,000 | 15.5s | found=0 total=0 | elapsed=5857.0s ETA=10min -1.0%
[750/822] 8,490,000,000,000,000,000-8,500,000,000,000,000,000 | 15.4s | found=0 total=0 | elapsed=5873.0s ETA=9min -0.9%
[751/822] 8,500,000,000,000,000,000-8,510,000,000,000,000,000 | 15.4s | found=0 total=0 | elapsed=5888.0s ETA=9min -0.8%
[752/822] 8,510,000,000,000,000,000-8,520,000,000,000,000,000 | 15.4s | found=0 total=0 | elapsed=5903.0s ETA=9min -0.6%
[753/822] 8,520,000,000,000,000,000-8,530,000,000,000,000,000 | 15.4s | found=0 total=0 | elapsed=5919.0s ETA=9min -0.5%
[754/822] 8,530,000,000,000,000,000-8,540,000,000,000,000,000 | 15.4s | found=0 total=0 | elapsed=5934.0s ETA=9min -0.4%
[755/822] 8,540,000,000,000,000,000-8,550,000,000,000,000,000 | 15.4s | found=0 total=0 | elapsed=5950.0s ETA=9min -0.3%
[756/822] 8,550,000,000,000,000,000-8,560,000,000,000,000,000 | 15.4s | found=0 total=0 | elapsed=5965.0s ETA=9min -0.2%
[757/822] 8,560,000,000,000,000,000-8,570,000,000,000,000,000 | 15.4s | found=0 total=0 | elapsed=5981.0s ETA=9min -0.0%
[758/822] 8,570,000,000,000,000,000-8,580,000,000,000,000,000 | 15.4s | found=0 total=0 | elapsed=5996.0s ETA=8min 0.1%
[759/822] 8,580,000,000,000,000,000-8,590,000,000,000,000,000 | 15.4s | found=0 total=0 | elapsed=6011.0s ETA=8min 0.2%
[760/822] 8,590,000,000,000,000,000-8,600,000,000,000,000,000 | 15.4s | found=0 total=0 | elapsed=6027.0s ETA=8min 0.3%
[761/822] 8,600,000,000,000,000,000-8,610,000,000,000,000,000 | 15.4s | found=0 total=0 | elapsed=6042.0s ETA=8min 0.4%
[762/822] 8,610,000,000,000,000,000-8,620,000,000,000,000,000 | 15.4s | found=0 total=0 | elapsed=6058.0s ETA=8min 0.6%
[763/822] 8,620,000,000,000,000,000-8,630,000,000,000,000,000 | 15.4s | found=0 total=0 | elapsed=6073.0s ETA=8min 0.7%
[764/822] 8,630,000,000,000,000,000-8,640,000,000,000,000,000 | 15.4s | found=0 total=0 | elapsed=6088.0s ETA=8min 0.8%
[765/822] 8,640,000,000,000,000,000-8,650,000,000,000,000,000 | 15.4s | found=0 total=0 | elapsed=6104.0s ETA=8min 0.9%
[766/822] 8,650,000,000,000,000,000-8,660,000,000,000,000,000 | 15.4s | found=0 total=0 | elapsed=6119.0s ETA=7min 1.1%
[767/822] 8,660,000,000,000,000,000-8,670,000,000,000,000,000 | 15.4s | found=0 total=0 | elapsed=6135.0s ETA=7min -1.1%
[768/822] 8,670,000,000,000,000,000-8,680,000,000,000,000,000 | 15.4s | found=0 total=0 | elapsed=6150.0s ETA=7min -0.9%
[769/822] 8,680,000,000,000,000,000-8,690,000,000,000,000,000 | 15.4s | found=0 total=0 | elapsed=6165.0s ETA=7min -0.8%
[770/822] 8,690,000,000,000,000,000-8,700,000,000,000,000,000 | 15.4s | found=0 total=0 | elapsed=6181.0s ETA=7min -0.7%
[771/822] 8,700,000,000,000,000,000-8,710,000,000,000,000,000 | 15.4s | found=0 total=0 | elapsed=6196.0s ETA=7min -0.6%
[772/822] 8,710,000,000,000,000,000-8,720,000,000,000,000,000 | 15.4s | found=0 total=0 | elapsed=6212.0s ETA=7min -0.5%
[773/822] 8,720,000,000,000,000,000-8,730,000,000,000,000,000 | 15.4s | found=0 total=0 | elapsed=6227.0s ETA=7min -0.3%
[774/822] 8,730,000,000,000,000,000-8,740,000,000,000,000,000 | 15.4s | found=0 total=0 | elapsed=6242.0s ETA=6min -0.2%
[775/822] 8,740,000,000,000,000,000-8,750,000,000,000,000,000 | 15.4s | found=0 total=0 | elapsed=6258.0s ETA=6min -0.1%
[776/822] 8,750,000,000,000,000,000-8,760,000,000,000,000,000 | 15.4s | found=0 total=0 | elapsed=6273.0s ETA=6min 0.0%
[777/822] 8,760,000,000,000,000,000-8,770,000,000,000,000,000 | 15.4s | found=0 total=0 | elapsed=6289.0s ETA=6min 0.2%
[778/822] 8,770,000,000,000,000,000-8,780,000,000,000,000,000 | 15.4s | found=0 total=0 | elapsed=6304.0s ETA=6min 0.3%
[779/822] 8,780,000,000,000,000,000-8,790,000,000,000,000,000 | 15.4s | found=0 total=0 | elapsed=6320.0s ETA=6min 0.4%
[780/822] 8,790,000,000,000,000,000-8,800,000,000,000,000,000 | 15.4s | found=0 total=0 | elapsed=6335.0s ETA=6min 0.5%
[781/822] 8,800,000,000,000,000,000-8,810,000,000,000,000,000 | 15.4s | found=0 total=0 | elapsed=6350.0s ETA=6min 0.6%
[782/822] 8,810,000,000,000,000,000-8,820,000,000,000,000,000 | 15.4s | found=0 total=0 | elapsed=6366.0s ETA=5min 0.8%
[783/822] 8,820,000,000,000,000,000-8,830,000,000,000,000,000 | 15.4s | found=0 total=0 | elapsed=6381.0s ETA=5min 0.9%
[784/822] 8,830,000,000,000,000,000-8,840,000,000,000,000,000 | 15.4s | found=0 total=0 | elapsed=6397.0s ETA=5min 1.0%
[785/822] 8,840,000,000,000,000,000-8,850,000,000,000,000,000 | 15.4s | found=0 total=0 | elapsed=6412.0s ETA=5min -1.1%
[786/822] 8,850,000,000,000,000,000-8,860,000,000,000,000,000 | 15.4s | found=0 total=0 | elapsed=6427.0s ETA=5min -1.0%
[787/822] 8,860,000,000,000,000,000-8,870,000,000,000,000,000 | 15.4s | found=0 total=0 | elapsed=6443.0s ETA=5min -0.9%
[788/822] 8,870,000,000,000,000,000-8,880,000,000,000,000,000 | 15.4s | found=0 total=0 | elapsed=6458.0s ETA=5min -0.8%
[789/822] 8,880,000,000,000,000,000-8,890,000,000,000,000,000 | 15.4s | found=0 total=0 | elapsed=6474.0s ETA=5min -0.6%
[790/822] 8,890,000,000,000,000,000-8,900,000,000,000,000,000 | 15.4s | found=0 total=0 | elapsed=6489.0s ETA=4min -0.5%
[791/822] 8,900,000,000,000,000,000-8,910,000,000,000,000,000 | 15.4s | found=0 total=0 | elapsed=6504.0s ETA=4min -0.4%
[792/822] 8,910,000,000,000,000,000-8,920,000,000,000,000,000 | 15.4s | found=0 total=0 | elapsed=6520.0s ETA=4min -0.3%
[793/822] 8,920,000,000,000,000,000-8,930,000,000,000,000,000 | 15.4s | found=0 total=0 | elapsed=6535.0s ETA=4min -0.1%
[794/822] 8,930,000,000,000,000,000-8,940,000,000,000,000,000 | 15.5s | found=0 total=0 | elapsed=6551.0s ETA=4min -0.0%
[795/822] 8,940,000,000,000,000,000-8,950,000,000,000,000,000 | 15.4s | found=0 total=0 | elapsed=6566.0s ETA=4min 0.1%
[796/822] 8,950,000,000,000,000,000-8,960,000,000,000,000,000 | 15.4s | found=0 total=0 | elapsed=6582.0s ETA=4min 0.2%
[797/822] 8,960,000,000,000,000,000-8,970,000,000,000,000,000 | 15.4s | found=0 total=0 | elapsed=6597.0s ETA=3min 0.3%
[798/822] 8,970,000,000,000,000,000-8,980,000,000,000,000,000 | 15.4s | found=0 total=0 | elapsed=6612.0s ETA=3min 0.5%
[799/822] 8,980,000,000,000,000,000-8,990,000,000,000,000,000 | 15.4s | found=0 total=0 | elapsed=6628.0s ETA=3min 0.6%
[800/822] 8,990,000,000,000,000,000-9,000,000,000,000,000,000 | 15.4s | found=0 total=0 | elapsed=6643.0s ETA=3min 0.7%
[801/822] 9,000,000,000,000,000,000-9,010,000,000,000,000,000 | 15.4s | found=0 total=0 | elapsed=6659.0s ETA=3min 0.8%
[802/822] 9,010,000,000,000,000,000-9,020,000,000,000,000,000 | 15.4s | found=0 total=0 | elapsed=6674.0s ETA=3min 0.9%
[803/822] 9,020,000,000,000,000,000-9,030,000,000,000,000,000 | 15.4s | found=0 total=0 | elapsed=6689.0s ETA=3min 1.1%
[804/822] 9,030,000,000,000,000,000-9,040,000,000,000,000,000 | 15.4s | found=0 total=0 | elapsed=6705.0s ETA=3min -1.1%
[805/822] 9,040,000,000,000,000,000-9,050,000,000,000,000,000 | 15.4s | found=0 total=0 | elapsed=6720.0s ETA=2min -0.9%
[806/822] 9,050,000,000,000,000,000-9,060,000,000,000,000,000 | 15.4s | found=0 total=0 | elapsed=6736.0s ETA=2min -0.8%
[807/822] 9,060,000,000,000,000,000-9,070,000,000,000,000,000 | 15.4s | found=0 total=0 | elapsed=6751.0s ETA=2min -0.7%
[808/822] 9,070,000,000,000,000,000-9,080,000,000,000,000,000 | 15.4s | found=0 total=0 | elapsed=6767.0s ETA=2min -0.6%
[809/822] 9,080,000,000,000,000,000-9,090,000,000,000,000,000 | 15.4s | found=0 total=0 | elapsed=6782.0s ETA=2min -0.4%
[810/822] 9,090,000,000,000,000,000-9,100,000,000,000,000,000 | 15.4s | found=0 total=0 | elapsed=6797.0s ETA=2min -0.3%
[811/822] 9,100,000,000,000,000,000-9,110,000,000,000,000,000 | 15.4s | found=0 total=0 | elapsed=6813.0s ETA=2min -0.2%
[812/822] 9,110,000,000,000,000,000-9,120,000,000,000,000,000 | 15.5s | found=0 total=0 | elapsed=6828.0s ETA=1min -0.1%
[813/822] 9,120,000,000,000,000,000-9,130,000,000,000,000,000 | 15.6s | found=0 total=0 | elapsed=6844.0s ETA=1min 0.0%
[814/822] 9,130,000,000,000,000,000-9,140,000,000,000,000,000 | 15.7s | found=0 total=0 | elapsed=6860.0s ETA=1min 0.2%
[815/822] 9,140,000,000,000,000,000-9,150,000,000,000,000,000 | 15.7s | found=0 total=0 | elapsed=6875.0s ETA=1min 0.3%
[816/822] 9,150,000,000,000,000,000-9,160,000,000,000,000,000 | 15.5s | found=0 total=0 | elapsed=6891.0s ETA=1min 0.4%
[817/822] 9,160,000,000,000,000,000-9,170,000,000,000,000,000 | 16.1s | found=0 total=0 | elapsed=6907.0s ETA=1min 0.5%
[818/822] 9,170,000,000,000,000,000-9,180,000,000,000,000,000 | 16.8s | found=0 total=0 | elapsed=6924.0s ETA=1min 0.7%
[819/822] 9,180,000,000,000,000,000-9,190,000,000,000,000,000 | 17.0s | found=0 total=0 | elapsed=6941.0s ETA=0min 0.8%
[820/822] 9,190,000,000,000,000,000-9,200,000,000,000,000,000 | 16.3s | found=0 total=0 | elapsed=6957.0s ETA=0min 0.9%
[821/822] 9,200,000,000,000,000,000-9,210,000,000,000,000,000 | 16.4s | found=0 total=0 | elapsed=6973.0s ETA=0min 1.0%
[822/822] 9,210,000,000,000,000,000-9,220,000,000,000,000,000 | 16.6s | found=0 total=0 | elapsed=6990.0s ETA=0min -1.1%
============================================================
DONE! total=6990.0s (116.5min)
CC15 found: 0
============================================================
